#
# There is insufficient memory for the Java Runtime Environment to continue.
# Native memory allocation (malloc) failed to allocate 1175056 bytes for Chunk::new
# Possible reasons:
#   The system is out of physical RAM or swap space
#   The process is running with CompressedOops enabled, and the Java Heap may be blocking the growth of the native heap
# Possible solutions:
#   Reduce memory load on the system
#   Increase physical memory or swap space
#   Check if swap backing store is full
#   Decrease Java heap size (-Xmx/-Xms)
#   Decrease number of Java threads
#   Decrease Java thread stack sizes (-Xss)
#   Set larger code cache with -XX:ReservedCodeCacheSize=
#   JVM is running with Unscaled Compressed Oops mode in which the Java heap is
#     placed in the first 4GB address space. The Java Heap base address is the
#     maximum limit for the native heap growth. Please use -XX:HeapBaseMinAddress
#     to set the Java Heap base and to place the Java Heap above 4GB virtual address.
# This output file may be truncated or incomplete.
#
#  Out of Memory Error (./src/hotspot/share/memory/arena.cpp:197), pid=16924, tid=14556
#
# JRE version: OpenJDK Runtime Environment (11.0.10) (build 11.0.10+0-b96-7249189)
# Java VM: OpenJDK 64-Bit Server VM (11.0.10+0-b96-7249189, mixed mode, tiered, compressed oops, g1 gc, windows-amd64)
# No core dump will be written. Minidumps are not enabled by default on client versions of Windows
#

---------------  S U M M A R Y ------------

Command Line: --add-opens=java.base/java.util=ALL-UNNAMED --add-opens=java.base/java.lang=ALL-UNNAMED --add-opens=java.base/java.lang.invoke=ALL-UNNAMED --add-opens=java.base/java.util=ALL-UNNAMED --add-opens=java.prefs/java.util.prefs=ALL-UNNAMED --add-opens=java.prefs/java.util.prefs=ALL-UNNAMED --add-opens=java.base/java.nio.charset=ALL-UNNAMED --add-opens=java.base/java.net=ALL-UNNAMED --add-opens=java.base/java.util.concurrent.atomic=ALL-UNNAMED -Xmx2048m -Dfile.encoding=UTF-8 -Duser.country=FR -Duser.language=fr -Duser.variant org.gradle.launcher.daemon.bootstrap.GradleDaemon 7.0.2

Host: Intel(R) Core(TM) i5-6200U CPU @ 2.30GHz, 4 cores, 7G,  Windows 10 , 64 bit Build 19041 (10.0.19041.1348)
Time: Fri Feb  4 09:55:35 2022 Paris, Madrid elapsed time: 6103.168408 seconds (0d 1h 41m 43s)

---------------  T H R E A D  ---------------

Current thread (0x000001d858855000):  JavaThread "C2 CompilerThread0" daemon [_thread_in_native, id=14556, stack(0x0000007b7de00000,0x0000007b7df00000)]


Current CompileTask:
C2:6103168 36436       4       java.lang.invoke.InvokerBytecodeGenerator::emitImplicitConversion (159 bytes)

Stack: [0x0000007b7de00000,0x0000007b7df00000]
Native frames: (J=compiled Java code, j=interpreted, Vv=VM code, C=native code)
V  [jvm.dll+0x5ecfaa]
V  [jvm.dll+0x722bd5]
V  [jvm.dll+0x72412d]
V  [jvm.dll+0x7247e3]
V  [jvm.dll+0x242928]
V  [jvm.dll+0xbc4fc]
V  [jvm.dll+0xbca0c]
V  [jvm.dll+0x352d3b]
V  [jvm.dll+0x320ad3]
V  [jvm.dll+0x31ffca]
V  [jvm.dll+0x1fb602]
V  [jvm.dll+0x1fa7f4]
V  [jvm.dll+0x18354c]
V  [jvm.dll+0x208ee7]
V  [jvm.dll+0x207731]
V  [jvm.dll+0x6eb1cf]
V  [jvm.dll+0x6e3d45]
V  [jvm.dll+0x5ebe96]
C  [ucrtbase.dll+0x21bb2]
C  [KERNEL32.DLL+0x17034]
C  [ntdll.dll+0x52651]


---------------  P R O C E S S  ---------------

Threads class SMR info:
_java_thread_list=0x000001d85ed0f860, length=51, elements={
0x000001d83ec5e000, 0x000001d85882f000, 0x000001d858834800, 0x000001d858849000,
0x000001d85884c000, 0x000001d85884d000, 0x000001d858855000, 0x000001d858856800,
0x000001d85885c800, 0x000001d85932a000, 0x000001d85c052000, 0x000001d859425000,
0x000001d85a910000, 0x000001d85b4e5800, 0x000001d85b4e7800, 0x000001d85b4eb000,
0x000001d85b4e6000, 0x000001d85b4e8800, 0x000001d85cbdc800, 0x000001d85cbdd000,
0x000001d85cbd7800, 0x000001d85cbde000, 0x000001d85cbda000, 0x000001d85cbe5800,
0x000001d85b21b000, 0x000001d85eda5800, 0x000001d85edab000, 0x000001d85eda1800,
0x000001d85eda6000, 0x000001d85eda7000, 0x000001d85eda4800, 0x000001d85eda8000,
0x000001d85eda2000, 0x000001d85eda8800, 0x000001d85eda3000, 0x000001d85eda4000,
0x000001d85edaf000, 0x000001d85edac000, 0x000001d85edad000, 0x000001d85edae800,
0x000001d85edb0000, 0x000001d85a562000, 0x000001d85a562800, 0x000001d85a568800,
0x000001d85a563800, 0x000001d85a565000, 0x000001d85a56e000, 0x000001d85a56b800,
0x000001d85a56c800, 0x000001d85a56a000, 0x000001d85a564800
}

Java Threads: ( => current thread )
  0x000001d83ec5e000 JavaThread "main" [_thread_blocked, id=7804, stack(0x0000007b7d200000,0x0000007b7d300000)]
  0x000001d85882f000 JavaThread "Reference Handler" daemon [_thread_blocked, id=11744, stack(0x0000007b7d900000,0x0000007b7da00000)]
  0x000001d858834800 JavaThread "Finalizer" daemon [_thread_blocked, id=13400, stack(0x0000007b7da00000,0x0000007b7db00000)]
  0x000001d858849000 JavaThread "Signal Dispatcher" daemon [_thread_blocked, id=10528, stack(0x0000007b7db00000,0x0000007b7dc00000)]
  0x000001d85884c000 JavaThread "Attach Listener" daemon [_thread_blocked, id=1132, stack(0x0000007b7dc00000,0x0000007b7dd00000)]
  0x000001d85884d000 JavaThread "Service Thread" daemon [_thread_blocked, id=14852, stack(0x0000007b7dd00000,0x0000007b7de00000)]
=>0x000001d858855000 JavaThread "C2 CompilerThread0" daemon [_thread_in_native, id=14556, stack(0x0000007b7de00000,0x0000007b7df00000)]
  0x000001d858856800 JavaThread "C1 CompilerThread0" daemon [_thread_blocked, id=12816, stack(0x0000007b7df00000,0x0000007b7e000000)]
  0x000001d85885c800 JavaThread "Sweeper thread" daemon [_thread_blocked, id=15236, stack(0x0000007b7e000000,0x0000007b7e100000)]
  0x000001d85932a000 JavaThread "Common-Cleaner" daemon [_thread_blocked, id=14760, stack(0x0000007b7e100000,0x0000007b7e200000)]
  0x000001d85c052000 JavaThread "Daemon health stats" [_thread_blocked, id=14440, stack(0x0000007b7e600000,0x0000007b7e700000)]
  0x000001d859425000 JavaThread "Incoming local TCP Connector on port 51262" [_thread_in_native, id=3044, stack(0x0000007b7e300000,0x0000007b7e400000)]
  0x000001d85a910000 JavaThread "Daemon periodic checks" [_thread_blocked, id=13304, stack(0x0000007b7e700000,0x0000007b7e800000)]
  0x000001d85b4e5800 JavaThread "Cache worker for file hash cache (C:\Users\Mathilde MOTTAY\.gradle\caches\7.0.2\fileHashes)" [_thread_blocked, id=15500, stack(0x0000007b7f000000,0x0000007b7f100000)]
  0x000001d85b4e7800 JavaThread "File lock request listener" [_thread_in_native, id=15764, stack(0x0000007b7f100000,0x0000007b7f200000)]
  0x000001d85b4eb000 JavaThread "Cache worker for journal cache (C:\Users\Mathilde MOTTAY\.gradle\caches\journal-1)" [_thread_blocked, id=15980, stack(0x0000007b7f200000,0x0000007b7f300000)]
  0x000001d85b4e6000 JavaThread "File watcher server" daemon [_thread_in_native, id=16180, stack(0x0000007b7f500000,0x0000007b7f600000)]
  0x000001d85b4e8800 JavaThread "File watcher consumer" daemon [_thread_blocked, id=16172, stack(0x0000007b7f600000,0x0000007b7f700000)]
  0x000001d85cbdc800 JavaThread "Cache worker for execution history cache (C:\Users\Mathilde MOTTAY\.gradle\caches\7.0.2\executionHistory)" [_thread_blocked, id=2280, stack(0x0000007b7f900000,0x0000007b7fa00000)]
  0x000001d85cbdd000 JavaThread "jar transforms" [_thread_blocked, id=14492, stack(0x0000007b7fb00000,0x0000007b7fc00000)]
  0x000001d85cbd7800 JavaThread "jar transforms Thread 2" [_thread_blocked, id=12800, stack(0x0000007b7fc00000,0x0000007b7fd00000)]
  0x000001d85cbde000 JavaThread "Cache worker for file content cache (C:\Users\Mathilde MOTTAY\.gradle\caches\7.0.2\fileContent)" [_thread_blocked, id=13228, stack(0x0000007b7fd00000,0x0000007b7fe00000)]
  0x000001d85cbda000 JavaThread "jar transforms Thread 3" [_thread_blocked, id=11740, stack(0x0000007b7fe00000,0x0000007b7ff00000)]
  0x000001d85cbe5800 JavaThread "jar transforms Thread 4" [_thread_blocked, id=4072, stack(0x0000007b00400000,0x0000007b00500000)]
  0x000001d85b21b000 JavaThread "Memory manager" [_thread_blocked, id=9332, stack(0x0000007b00600000,0x0000007b00700000)]
  0x000001d85eda5800 JavaThread "Cache worker for Java compile cache (C:\Users\Mathilde MOTTAY\.gradle\caches\7.0.2\javaCompile)" [_thread_blocked, id=12132, stack(0x0000007b01000000,0x0000007b01100000)]
  0x000001d85edab000 JavaThread "ForkJoinPool.commonPool-worker-3" daemon [_thread_blocked, id=1264, stack(0x0000007b02200000,0x0000007b02300000)]
  0x000001d85eda1800 JavaThread "Daemon Thread 18" [_thread_blocked, id=14080, stack(0x0000007b00000000,0x0000007b00100000)]
  0x000001d85eda6000 JavaThread "Handler for socket connection from /127.0.0.1:51262 to /127.0.0.1:63431" [_thread_in_native, id=1512, stack(0x0000007b00100000,0x0000007b00200000)]
  0x000001d85eda7000 JavaThread "Cancel handler" [_thread_blocked, id=14324, stack(0x0000007b00200000,0x0000007b00300000)]
  0x000001d85eda4800 JavaThread "Daemon worker Thread 18" [_thread_blocked, id=4708, stack(0x0000007b00300000,0x0000007b00400000)]
  0x000001d85eda8000 JavaThread "Asynchronous log dispatcher for DefaultDaemonConnection: socket connection from /127.0.0.1:51262 to /127.0.0.1:63431" [_thread_blocked, id=2360, stack(0x0000007b00500000,0x0000007b00600000)]
  0x000001d85eda2000 JavaThread "Stdin handler" [_thread_blocked, id=11684, stack(0x0000007b00700000,0x0000007b00800000)]
  0x000001d85eda8800 JavaThread "Daemon client event forwarder" [_thread_blocked, id=10636, stack(0x0000007b00800000,0x0000007b00900000)]
  0x000001d85eda3000 JavaThread "Cache worker for file hash cache (C:\Users\Mathilde MOTTAY\Desktop\Projet Android\PlanningEvent\.gradle\7.0.2\fileHashes)" [_thread_blocked, id=7324, stack(0x0000007b00900000,0x0000007b00a00000)]
  0x000001d85eda4000 JavaThread "Cache worker for checksums cache (C:\Users\Mathilde MOTTAY\Desktop\Projet Android\PlanningEvent\.gradle\checksums)" [_thread_blocked, id=4164, stack(0x0000007b00a00000,0x0000007b00b00000)]
  0x000001d85edaf000 JavaThread "Cache worker for cache directory md-supplier (C:\Users\Mathilde MOTTAY\.gradle\caches\7.0.2\md-supplier)" [_thread_blocked, id=12848, stack(0x0000007b00b00000,0x0000007b00c00000)]
  0x000001d85edac000 JavaThread "Cache worker for cache directory md-rule (C:\Users\Mathilde MOTTAY\.gradle\caches\7.0.2\md-rule)" [_thread_blocked, id=996, stack(0x0000007b00c00000,0x0000007b00d00000)]
  0x000001d85edad000 JavaThread "Cache worker for dependencies-accessors (C:\Users\Mathilde MOTTAY\Desktop\Projet Android\PlanningEvent\.gradle\7.0.2\dependencies-accessors)" [_thread_blocked, id=17044, stack(0x0000007b00d00000,0x0000007b00e00000)]
  0x000001d85edae800 JavaThread "Cache worker for Build Output Cleanup Cache (C:\Users\Mathilde MOTTAY\Desktop\Projet Android\PlanningEvent\.gradle\buildOutputCleanup)" [_thread_blocked, id=13396, stack(0x0000007b00e00000,0x0000007b00f00000)]
  0x000001d85edb0000 JavaThread "Build operations" [_thread_blocked, id=2748, stack(0x0000007b00f00000,0x0000007b01000000)]
  0x000001d85a562000 JavaThread "Build operations Thread 2" [_thread_blocked, id=8476, stack(0x0000007b01100000,0x0000007b01200000)]
  0x000001d85a562800 JavaThread "Build operations Thread 3" [_thread_blocked, id=11980, stack(0x0000007b01200000,0x0000007b01300000)]
  0x000001d85a568800 JavaThread "Build operations Thread 4" [_thread_blocked, id=13808, stack(0x0000007b01300000,0x0000007b01400000)]
  0x000001d85a563800 JavaThread "build event listener" [_thread_blocked, id=536, stack(0x0000007b01500000,0x0000007b01600000)]
  0x000001d85a565000 JavaThread "Execution worker for ':'" [_thread_blocked, id=2468, stack(0x0000007b01600000,0x0000007b01700000)]
  0x000001d85a56e000 JavaThread "Execution worker for ':' Thread 2" [_thread_in_Java, id=976, stack(0x0000007b01700000,0x0000007b01800000)]
  0x000001d85a56b800 JavaThread "Execution worker for ':' Thread 3" [_thread_blocked, id=15800, stack(0x0000007b01800000,0x0000007b01900000)]
  0x000001d85a56c800 JavaThread "Cache worker for execution history cache (C:\Users\Mathilde MOTTAY\Desktop\Projet Android\PlanningEvent\.gradle\7.0.2\executionHistory)" [_thread_blocked, id=14596, stack(0x0000007b01900000,0x0000007b01a00000)]
  0x000001d85a56a000 JavaThread "WorkerExecutor Queue" [_thread_blocked, id=10812, stack(0x0000007b01400000,0x0000007b01500000)]
  0x000001d85a564800 JavaThread "WorkerExecutor Queue Thread 2" [_thread_blocked, id=8568, stack(0x0000007b01b00000,0x0000007b01c00000)]

Other Threads:
  0x000001d858827000 VMThread "VM Thread" [stack: 0x0000007b7d800000,0x0000007b7d900000] [id=2300]
  0x000001d85934f800 WatcherThread [stack: 0x0000007b7e200000,0x0000007b7e300000] [id=8256]
  0x000001d83ec77800 GCTaskThread "GC Thread#0" [stack: 0x0000007b7d300000,0x0000007b7d400000] [id=6992]
  0x000001d8595dd800 GCTaskThread "GC Thread#1" [stack: 0x0000007b7e400000,0x0000007b7e500000] [id=13680]
  0x000001d859d1a000 GCTaskThread "GC Thread#2" [stack: 0x0000007b7e500000,0x0000007b7e600000] [id=15256]
  0x000001d85bbbb000 GCTaskThread "GC Thread#3" [stack: 0x0000007b7ef00000,0x0000007b7f000000] [id=13876]
  0x000001d83eca7000 ConcurrentGCThread "G1 Main Marker" [stack: 0x0000007b7d400000,0x0000007b7d500000] [id=4488]
  0x000001d83eca8800 ConcurrentGCThread "G1 Conc#0" [stack: 0x0000007b7d500000,0x0000007b7d600000] [id=16888]
  0x000001d83ed36000 ConcurrentGCThread "G1 Refine#0" [stack: 0x0000007b7d600000,0x0000007b7d700000] [id=14056]
  0x000001d83ed37000 ConcurrentGCThread "G1 Young RemSet Sampling" [stack: 0x0000007b7d700000,0x0000007b7d800000] [id=1976]

Threads with active compile tasks:
C2 CompilerThread06103253 36436       4       java.lang.invoke.InvokerBytecodeGenerator::emitImplicitConversion (159 bytes)

VM state:not at safepoint (normal execution)

VM Mutex/Monitor currently owned by a thread: None

Heap address: 0x0000000080000000, size: 2048 MB, Compressed Oops mode: 32-bit
Narrow klass base: 0x0000000000000000, Narrow klass shift: 3
Compressed class space size: 1073741824 Address: 0x0000000100000000

Heap:
 garbage-first heap   total 344064K, used 210705K [0x0000000080000000, 0x0000000100000000)
  region size 1024K, 75 young (76800K), 11 survivors (11264K)
 Metaspace       used 153190K, capacity 158448K, committed 158780K, reserved 1187840K
  class space    used 18733K, capacity 20641K, committed 20736K, reserved 1048576K
Heap Regions: E=young(eden), S=young(survivor), O=old, HS=humongous(starts), HC=humongous(continues), CS=collection set, F=free, A=archive, TAMS=top-at-mark-start (previous, next)
|   0|0x0000000080000000, 0x0000000080100000, 0x0000000080100000|100%|HS|  |TAMS 0x0000000080100000, 0x0000000080000000| Complete 
|   1|0x0000000080100000, 0x0000000080200000, 0x0000000080200000|100%|HC|  |TAMS 0x0000000080200000, 0x0000000080100000| Complete 
|   2|0x0000000080200000, 0x0000000080300000, 0x0000000080300000|100%|HC|  |TAMS 0x0000000080300000, 0x0000000080200000| Complete 
|   3|0x0000000080300000, 0x0000000080400000, 0x0000000080400000|100%| O|  |TAMS 0x0000000080400000, 0x0000000080300000| Untracked 
|   4|0x0000000080400000, 0x0000000080500000, 0x0000000080500000|100%| O|  |TAMS 0x0000000080500000, 0x0000000080400000| Untracked 
|   5|0x0000000080500000, 0x0000000080600000, 0x0000000080600000|100%| O|  |TAMS 0x0000000080600000, 0x0000000080500000| Untracked 
|   6|0x0000000080600000, 0x0000000080700000, 0x0000000080700000|100%| O|  |TAMS 0x0000000080700000, 0x0000000080600000| Untracked 
|   7|0x0000000080700000, 0x0000000080800000, 0x0000000080800000|100%| O|  |TAMS 0x0000000080800000, 0x0000000080700000| Complete 
|   8|0x0000000080800000, 0x0000000080900000, 0x0000000080900000|100%| O|  |TAMS 0x0000000080900000, 0x0000000080800000| Complete 
|   9|0x0000000080900000, 0x0000000080a00000, 0x0000000080a00000|100%| O|  |TAMS 0x0000000080a00000, 0x0000000080900000| Complete 
|  10|0x0000000080a00000, 0x0000000080b00000, 0x0000000080b00000|100%| O|  |TAMS 0x0000000080b00000, 0x0000000080a00000| Complete 
|  11|0x0000000080b00000, 0x0000000080c00000, 0x0000000080c00000|100%| O|  |TAMS 0x0000000080c00000, 0x0000000080b00000| Untracked 
|  12|0x0000000080c00000, 0x0000000080d00000, 0x0000000080d00000|100%| O|  |TAMS 0x0000000080d00000, 0x0000000080c00000| Untracked 
|  13|0x0000000080d00000, 0x0000000080e00000, 0x0000000080e00000|100%| O|  |TAMS 0x0000000080e00000, 0x0000000080d00000| Complete 
|  14|0x0000000080e00000, 0x0000000080f00000, 0x0000000080f00000|100%| O|  |TAMS 0x0000000080f00000, 0x0000000080e00000| Untracked 
|  15|0x0000000080f00000, 0x0000000081000000, 0x0000000081000000|100%| O|  |TAMS 0x0000000081000000, 0x0000000080f00000| Untracked 
|  16|0x0000000081000000, 0x0000000081100000, 0x0000000081100000|100%|HS|  |TAMS 0x0000000081100000, 0x0000000081000000| Complete 
|  17|0x0000000081100000, 0x0000000081200000, 0x0000000081200000|100%| O|  |TAMS 0x0000000081200000, 0x0000000081100000| Complete 
|  18|0x0000000081200000, 0x0000000081300000, 0x0000000081300000|100%| O|  |TAMS 0x0000000081300000, 0x0000000081200000| Complete 
|  19|0x0000000081300000, 0x0000000081400000, 0x0000000081400000|100%| O|  |TAMS 0x0000000081400000, 0x0000000081300000| Complete 
|  20|0x0000000081400000, 0x0000000081500000, 0x0000000081500000|100%| O|  |TAMS 0x0000000081500000, 0x0000000081400000| Complete 
|  21|0x0000000081500000, 0x0000000081600000, 0x0000000081600000|100%| O|  |TAMS 0x0000000081600000, 0x0000000081500000| Complete 
|  22|0x0000000081600000, 0x0000000081700000, 0x0000000081700000|100%| O|  |TAMS 0x0000000081700000, 0x0000000081600000| Complete 
|  23|0x0000000081700000, 0x0000000081800000, 0x0000000081800000|100%|HS|  |TAMS 0x0000000081800000, 0x0000000081700000| Complete 
|  24|0x0000000081800000, 0x0000000081900000, 0x0000000081900000|100%|HS|  |TAMS 0x0000000081900000, 0x0000000081800000| Complete 
|  25|0x0000000081900000, 0x0000000081a00000, 0x0000000081a00000|100%|HC|  |TAMS 0x0000000081a00000, 0x0000000081900000| Complete 
|  26|0x0000000081a00000, 0x0000000081b00000, 0x0000000081b00000|100%| O|  |TAMS 0x0000000081b00000, 0x0000000081a00000| Untracked 
|  27|0x0000000081b00000, 0x0000000081c00000, 0x0000000081c00000|100%| O|  |TAMS 0x0000000081c00000, 0x0000000081b00000| Untracked 
|  28|0x0000000081c00000, 0x0000000081d00000, 0x0000000081d00000|100%| O|  |TAMS 0x0000000081d00000, 0x0000000081c00000| Untracked 
|  29|0x0000000081d00000, 0x0000000081e00000, 0x0000000081e00000|100%| O|  |TAMS 0x0000000081e00000, 0x0000000081d00000| Complete 
|  30|0x0000000081e00000, 0x0000000081f00000, 0x0000000081f00000|100%| O|  |TAMS 0x0000000081f00000, 0x0000000081e00000| Complete 
|  31|0x0000000081f00000, 0x0000000082000000, 0x0000000082000000|100%| O|  |TAMS 0x0000000082000000, 0x0000000081f00000| Untracked 
|  32|0x0000000082000000, 0x0000000082100000, 0x0000000082100000|100%| O|  |TAMS 0x0000000082100000, 0x0000000082000000| Untracked 
|  33|0x0000000082100000, 0x0000000082200000, 0x0000000082200000|100%| O|  |TAMS 0x0000000082200000, 0x0000000082100000| Untracked 
|  34|0x0000000082200000, 0x0000000082300000, 0x0000000082300000|100%| O|  |TAMS 0x0000000082300000, 0x0000000082200000| Untracked 
|  35|0x0000000082300000, 0x0000000082400000, 0x0000000082400000|100%| O|  |TAMS 0x0000000082400000, 0x0000000082300000| Untracked 
|  36|0x0000000082400000, 0x0000000082500000, 0x0000000082500000|100%| O|  |TAMS 0x0000000082500000, 0x0000000082400000| Complete 
|  37|0x0000000082500000, 0x0000000082600000, 0x0000000082600000|100%| O|  |TAMS 0x0000000082600000, 0x0000000082500000| Complete 
|  38|0x0000000082600000, 0x0000000082700000, 0x0000000082700000|100%| O|  |TAMS 0x0000000082700000, 0x0000000082600000| Complete 
|  39|0x0000000082700000, 0x0000000082800000, 0x0000000082800000|100%| O|  |TAMS 0x0000000082800000, 0x0000000082700000| Complete 
|  40|0x0000000082800000, 0x0000000082900000, 0x0000000082900000|100%| O|  |TAMS 0x0000000082900000, 0x0000000082800000| Complete 
|  41|0x0000000082900000, 0x0000000082a00000, 0x0000000082a00000|100%| O|  |TAMS 0x0000000082a00000, 0x0000000082900000| Complete 
|  42|0x0000000082a00000, 0x0000000082b00000, 0x0000000082b00000|100%| O|  |TAMS 0x0000000082b00000, 0x0000000082a00000| Complete 
|  43|0x0000000082b00000, 0x0000000082c00000, 0x0000000082c00000|100%| O|  |TAMS 0x0000000082c00000, 0x0000000082b00000| Complete 
|  44|0x0000000082c00000, 0x0000000082d00000, 0x0000000082d00000|100%| O|  |TAMS 0x0000000082d00000, 0x0000000082c00000| Complete 
|  45|0x0000000082d00000, 0x0000000082e00000, 0x0000000082e00000|100%| O|  |TAMS 0x0000000082e00000, 0x0000000082d00000| Complete 
|  46|0x0000000082e00000, 0x0000000082f00000, 0x0000000082f00000|100%| O|  |TAMS 0x0000000082f00000, 0x0000000082e00000| Complete 
|  47|0x0000000082f00000, 0x0000000083000000, 0x0000000083000000|100%|HS|  |TAMS 0x0000000082f00000, 0x0000000082f00000| Complete 
|  48|0x0000000083000000, 0x0000000083100000, 0x0000000083100000|100%| O|  |TAMS 0x0000000083100000, 0x0000000083000000| Complete 
|  49|0x0000000083100000, 0x0000000083200000, 0x0000000083200000|100%| O|  |TAMS 0x0000000083200000, 0x0000000083100000| Complete 
|  50|0x0000000083200000, 0x0000000083300000, 0x0000000083300000|100%| O|  |TAMS 0x0000000083300000, 0x0000000083200000| Untracked 
|  51|0x0000000083300000, 0x0000000083400000, 0x0000000083400000|100%| O|  |TAMS 0x0000000083400000, 0x0000000083300000| Complete 
|  52|0x0000000083400000, 0x0000000083500000, 0x0000000083500000|100%| O|  |TAMS 0x0000000083500000, 0x0000000083400000| Complete 
|  53|0x0000000083500000, 0x0000000083600000, 0x0000000083600000|100%| O|  |TAMS 0x0000000083600000, 0x0000000083500000| Untracked 
|  54|0x0000000083600000, 0x0000000083700000, 0x0000000083700000|100%| O|  |TAMS 0x0000000083700000, 0x0000000083600000| Complete 
|  55|0x0000000083700000, 0x0000000083800000, 0x0000000083800000|100%| O|  |TAMS 0x0000000083800000, 0x0000000083700000| Complete 
|  56|0x0000000083800000, 0x0000000083900000, 0x0000000083900000|100%| O|  |TAMS 0x0000000083900000, 0x0000000083800000| Complete 
|  57|0x0000000083900000, 0x0000000083a00000, 0x0000000083a00000|100%| O|  |TAMS 0x0000000083a00000, 0x0000000083900000| Untracked 
|  58|0x0000000083a00000, 0x0000000083b00000, 0x0000000083b00000|100%| O|  |TAMS 0x0000000083b00000, 0x0000000083a00000| Complete 
|  59|0x0000000083b00000, 0x0000000083c00000, 0x0000000083c00000|100%| O|  |TAMS 0x0000000083c00000, 0x0000000083b00000| Complete 
|  60|0x0000000083c00000, 0x0000000083d00000, 0x0000000083d00000|100%| O|  |TAMS 0x0000000083d00000, 0x0000000083c00000| Complete 
|  61|0x0000000083d00000, 0x0000000083e00000, 0x0000000083e00000|100%| O|  |TAMS 0x0000000083e00000, 0x0000000083d00000| Untracked 
|  62|0x0000000083e00000, 0x0000000083f00000, 0x0000000083f00000|100%| O|  |TAMS 0x0000000083f00000, 0x0000000083e00000| Complete 
|  63|0x0000000083f00000, 0x0000000084000000, 0x0000000084000000|100%| O|  |TAMS 0x0000000084000000, 0x0000000083f00000| Complete 
|  64|0x0000000084000000, 0x0000000084100000, 0x0000000084100000|100%| O|  |TAMS 0x0000000084100000, 0x0000000084000000| Complete 
|  65|0x0000000084100000, 0x0000000084200000, 0x0000000084200000|100%| O|  |TAMS 0x0000000084200000, 0x0000000084100000| Complete 
|  66|0x0000000084200000, 0x0000000084300000, 0x0000000084300000|100%| O|  |TAMS 0x0000000084300000, 0x0000000084200000| Untracked 
|  67|0x0000000084300000, 0x0000000084400000, 0x0000000084400000|100%| O|  |TAMS 0x0000000084400000, 0x0000000084300000| Complete 
|  68|0x0000000084400000, 0x0000000084500000, 0x0000000084500000|100%| O|  |TAMS 0x0000000084500000, 0x0000000084400000| Untracked 
|  69|0x0000000084500000, 0x0000000084600000, 0x0000000084600000|100%| O|  |TAMS 0x0000000084600000, 0x0000000084500000| Untracked 
|  70|0x0000000084600000, 0x0000000084700000, 0x0000000084700000|100%| O|  |TAMS 0x0000000084700000, 0x0000000084600000| Complete 
|  71|0x0000000084700000, 0x0000000084800000, 0x0000000084800000|100%| O|  |TAMS 0x0000000084800000, 0x0000000084700000| Complete 
|  72|0x0000000084800000, 0x0000000084900000, 0x0000000084900000|100%| O|  |TAMS 0x0000000084900000, 0x0000000084800000| Untracked 
|  73|0x0000000084900000, 0x0000000084a00000, 0x0000000084a00000|100%| O|  |TAMS 0x0000000084a00000, 0x0000000084900000| Complete 
|  74|0x0000000084a00000, 0x0000000084b00000, 0x0000000084b00000|100%| O|  |TAMS 0x0000000084b00000, 0x0000000084a00000| Complete 
|  75|0x0000000084b00000, 0x0000000084c00000, 0x0000000084c00000|100%|HS|  |TAMS 0x0000000084b00000, 0x0000000084b00000| Complete 
|  76|0x0000000084c00000, 0x0000000084d00000, 0x0000000084d00000|100%| O|  |TAMS 0x0000000084d00000, 0x0000000084c00000| Untracked 
|  77|0x0000000084d00000, 0x0000000084e00000, 0x0000000084e00000|100%| O|  |TAMS 0x0000000084e00000, 0x0000000084d00000| Untracked 
|  78|0x0000000084e00000, 0x0000000084f00000, 0x0000000084f00000|100%| O|  |TAMS 0x0000000084f00000, 0x0000000084e00000| Complete 
|  79|0x0000000084f00000, 0x0000000085000000, 0x0000000085000000|100%| O|  |TAMS 0x0000000085000000, 0x0000000084f00000| Complete 
|  80|0x0000000085000000, 0x0000000085100000, 0x0000000085100000|100%| O|  |TAMS 0x0000000085100000, 0x0000000085000000| Untracked 
|  81|0x0000000085100000, 0x0000000085200000, 0x0000000085200000|100%| O|  |TAMS 0x0000000085200000, 0x0000000085100000| Complete 
|  82|0x0000000085200000, 0x0000000085300000, 0x0000000085300000|100%| O|  |TAMS 0x0000000085300000, 0x0000000085200000| Untracked 
|  83|0x0000000085300000, 0x0000000085400000, 0x0000000085400000|100%| O|  |TAMS 0x0000000085400000, 0x0000000085300000| Complete 
|  84|0x0000000085400000, 0x0000000085500000, 0x0000000085500000|100%| O|  |TAMS 0x0000000085500000, 0x0000000085400000| Untracked 
|  85|0x0000000085500000, 0x0000000085600000, 0x0000000085600000|100%| O|  |TAMS 0x0000000085600000, 0x0000000085500000| Untracked 
|  86|0x0000000085600000, 0x0000000085700000, 0x0000000085700000|100%|HS|  |TAMS 0x0000000085600000, 0x0000000085600000| Complete 
|  87|0x0000000085700000, 0x0000000085800000, 0x0000000085800000|100%|HS|  |TAMS 0x0000000085700000, 0x0000000085700000| Complete 
|  88|0x0000000085800000, 0x0000000085900000, 0x0000000085900000|100%|HS|  |TAMS 0x0000000085800000, 0x0000000085800000| Complete 
|  89|0x0000000085900000, 0x0000000085a00000, 0x0000000085a00000|100%|HC|  |TAMS 0x0000000085900000, 0x0000000085900000| Complete 
|  90|0x0000000085a00000, 0x0000000085b00000, 0x0000000085b00000|100%|HS|  |TAMS 0x0000000085a00000, 0x0000000085a00000| Complete 
|  91|0x0000000085b00000, 0x0000000085b00000, 0x0000000085c00000|  0%| F|  |TAMS 0x0000000085b00000, 0x0000000085b00000| Untracked 
|  92|0x0000000085c00000, 0x0000000085d00000, 0x0000000085d00000|100%| O|  |TAMS 0x0000000085d00000, 0x0000000085c00000| Untracked 
|  93|0x0000000085d00000, 0x0000000085e00000, 0x0000000085e00000|100%| O|  |TAMS 0x0000000085e00000, 0x0000000085d00000| Complete 
|  94|0x0000000085e00000, 0x0000000085f00000, 0x0000000085f00000|100%| O|  |TAMS 0x0000000085f00000, 0x0000000085e00000| Untracked 
|  95|0x0000000085f00000, 0x0000000086000000, 0x0000000086000000|100%| O|  |TAMS 0x0000000086000000, 0x0000000085f00000| Complete 
|  96|0x0000000086000000, 0x0000000086100000, 0x0000000086100000|100%| O|  |TAMS 0x0000000086100000, 0x0000000086000000| Complete 
|  97|0x0000000086100000, 0x0000000086200000, 0x0000000086200000|100%| O|  |TAMS 0x0000000086200000, 0x0000000086100000| Untracked 
|  98|0x0000000086200000, 0x0000000086300000, 0x0000000086300000|100%| O|  |TAMS 0x0000000086300000, 0x0000000086200000| Complete 
|  99|0x0000000086300000, 0x0000000086400000, 0x0000000086400000|100%| O|  |TAMS 0x0000000086400000, 0x0000000086300000| Untracked 
| 100|0x0000000086400000, 0x0000000086498a00, 0x0000000086500000| 59%| O|  |TAMS 0x0000000086498a00, 0x0000000086400000| Untracked 
| 101|0x0000000086500000, 0x0000000086600000, 0x0000000086600000|100%|HS|  |TAMS 0x0000000086500000, 0x0000000086500000| Complete 
| 102|0x0000000086600000, 0x0000000086700000, 0x0000000086700000|100%|HC|  |TAMS 0x0000000086600000, 0x0000000086600000| Complete 
| 103|0x0000000086700000, 0x0000000086800000, 0x0000000086800000|100%| O|  |TAMS 0x0000000086800000, 0x0000000086700000| Complete 
| 104|0x0000000086800000, 0x0000000086900000, 0x0000000086900000|100%|HS|  |TAMS 0x0000000086800000, 0x0000000086800000| Complete 
| 105|0x0000000086900000, 0x0000000086a00000, 0x0000000086a00000|100%|HC|  |TAMS 0x0000000086900000, 0x0000000086900000| Complete 
| 106|0x0000000086a00000, 0x0000000086b00000, 0x0000000086b00000|100%| O|  |TAMS 0x0000000086b00000, 0x0000000086a00000| Complete 
| 107|0x0000000086b00000, 0x0000000086c00000, 0x0000000086c00000|100%|HS|  |TAMS 0x0000000086c00000, 0x0000000086b00000| Complete 
| 108|0x0000000086c00000, 0x0000000086d00000, 0x0000000086d00000|100%|HC|  |TAMS 0x0000000086d00000, 0x0000000086c00000| Complete 
| 109|0x0000000086d00000, 0x0000000086e00000, 0x0000000086e00000|100%|HS|  |TAMS 0x0000000086e00000, 0x0000000086d00000| Complete 
| 110|0x0000000086e00000, 0x0000000086f00000, 0x0000000086f00000|100%|HC|  |TAMS 0x0000000086f00000, 0x0000000086e00000| Complete 
| 111|0x0000000086f00000, 0x0000000087000000, 0x0000000087000000|100%|HC|  |TAMS 0x0000000087000000, 0x0000000086f00000| Complete 
| 112|0x0000000087000000, 0x0000000087100000, 0x0000000087100000|100%|HS|  |TAMS 0x0000000087100000, 0x0000000087000000| Complete 
| 113|0x0000000087100000, 0x0000000087200000, 0x0000000087200000|100%|HC|  |TAMS 0x0000000087200000, 0x0000000087100000| Complete 
| 114|0x0000000087200000, 0x0000000087300000, 0x0000000087300000|100%|HC|  |TAMS 0x0000000087300000, 0x0000000087200000| Complete 
| 115|0x0000000087300000, 0x0000000087400000, 0x0000000087400000|100%|HC|  |TAMS 0x0000000087400000, 0x0000000087300000| Complete 
| 116|0x0000000087400000, 0x0000000087500000, 0x0000000087500000|100%|HC|  |TAMS 0x0000000087500000, 0x0000000087400000| Complete 
| 117|0x0000000087500000, 0x0000000087600000, 0x0000000087600000|100%| O|  |TAMS 0x0000000087600000, 0x0000000087500000| Complete 
| 118|0x0000000087600000, 0x0000000087700000, 0x0000000087700000|100%| O|  |TAMS 0x0000000087700000, 0x0000000087600000| Untracked 
| 119|0x0000000087700000, 0x0000000087800000, 0x0000000087800000|100%| O|  |TAMS 0x0000000087800000, 0x0000000087700000| Complete 
| 120|0x0000000087800000, 0x0000000087800000, 0x0000000087900000|  0%| F|  |TAMS 0x0000000087800000, 0x0000000087800000| Untracked 
| 121|0x0000000087900000, 0x0000000087900000, 0x0000000087a00000|  0%| F|  |TAMS 0x0000000087900000, 0x0000000087900000| Untracked 
| 122|0x0000000087a00000, 0x0000000087b00000, 0x0000000087b00000|100%| O|  |TAMS 0x0000000087b00000, 0x0000000087a00000| Complete 
| 123|0x0000000087b00000, 0x0000000087c00000, 0x0000000087c00000|100%| O|  |TAMS 0x0000000087c00000, 0x0000000087b00000| Complete 
| 124|0x0000000087c00000, 0x0000000087d00000, 0x0000000087d00000|100%| O|  |TAMS 0x0000000087d00000, 0x0000000087c00000| Complete 
| 125|0x0000000087d00000, 0x0000000087e00000, 0x0000000087e00000|100%| O|  |TAMS 0x0000000087e00000, 0x0000000087d00000| Complete 
| 126|0x0000000087e00000, 0x0000000087f00000, 0x0000000087f00000|100%| O|  |TAMS 0x0000000087f00000, 0x0000000087e00000| Complete 
| 127|0x0000000087f00000, 0x0000000088000000, 0x0000000088000000|100%| O|  |TAMS 0x0000000088000000, 0x0000000087f00000| Untracked 
| 128|0x0000000088000000, 0x0000000088000000, 0x0000000088100000|  0%| F|  |TAMS 0x0000000088000000, 0x0000000088000000| Untracked 
| 129|0x0000000088100000, 0x0000000088100000, 0x0000000088200000|  0%| F|  |TAMS 0x0000000088100000, 0x0000000088100000| Untracked 
| 130|0x0000000088200000, 0x0000000088200000, 0x0000000088300000|  0%| F|  |TAMS 0x0000000088200000, 0x0000000088200000| Untracked 
| 131|0x0000000088300000, 0x0000000088300000, 0x0000000088400000|  0%| F|  |TAMS 0x0000000088300000, 0x0000000088300000| Untracked 
| 132|0x0000000088400000, 0x0000000088400000, 0x0000000088500000|  0%| F|  |TAMS 0x0000000088400000, 0x0000000088400000| Untracked 
| 133|0x0000000088500000, 0x0000000088500000, 0x0000000088600000|  0%| F|  |TAMS 0x0000000088500000, 0x0000000088500000| Untracked 
| 134|0x0000000088600000, 0x0000000088600000, 0x0000000088700000|  0%| F|  |TAMS 0x0000000088600000, 0x0000000088600000| Untracked 
| 135|0x0000000088700000, 0x0000000088700000, 0x0000000088800000|  0%| F|  |TAMS 0x0000000088700000, 0x0000000088700000| Untracked 
| 136|0x0000000088800000, 0x0000000088800000, 0x0000000088900000|  0%| F|  |TAMS 0x0000000088800000, 0x0000000088800000| Untracked 
| 137|0x0000000088900000, 0x0000000088900000, 0x0000000088a00000|  0%| F|  |TAMS 0x0000000088900000, 0x0000000088900000| Untracked 
| 138|0x0000000088a00000, 0x0000000088b00000, 0x0000000088b00000|100%| O|  |TAMS 0x0000000088b00000, 0x0000000088a00000| Complete 
| 139|0x0000000088b00000, 0x0000000088c00000, 0x0000000088c00000|100%| O|  |TAMS 0x0000000088c00000, 0x0000000088b00000| Complete 
| 140|0x0000000088c00000, 0x0000000088c00000, 0x0000000088d00000|  0%| F|  |TAMS 0x0000000088c00000, 0x0000000088c00000| Untracked 
| 141|0x0000000088d00000, 0x0000000088d00000, 0x0000000088e00000|  0%| F|  |TAMS 0x0000000088d00000, 0x0000000088d00000| Untracked 
| 142|0x0000000088e00000, 0x0000000088e00000, 0x0000000088f00000|  0%| F|  |TAMS 0x0000000088e00000, 0x0000000088e00000| Untracked 
| 143|0x0000000088f00000, 0x0000000088f00000, 0x0000000089000000|  0%| F|  |TAMS 0x0000000088f00000, 0x0000000088f00000| Untracked 
| 144|0x0000000089000000, 0x0000000089000000, 0x0000000089100000|  0%| F|  |TAMS 0x0000000089000000, 0x0000000089000000| Untracked 
| 145|0x0000000089100000, 0x0000000089100000, 0x0000000089200000|  0%| F|  |TAMS 0x0000000089100000, 0x0000000089100000| Untracked 
| 146|0x0000000089200000, 0x0000000089200000, 0x0000000089300000|  0%| F|  |TAMS 0x0000000089200000, 0x0000000089200000| Untracked 
| 147|0x0000000089300000, 0x0000000089400000, 0x0000000089400000|100%| O|  |TAMS 0x0000000089400000, 0x0000000089300000| Complete 
| 148|0x0000000089400000, 0x0000000089500000, 0x0000000089500000|100%| O|  |TAMS 0x0000000089500000, 0x0000000089400000| Complete 
| 149|0x0000000089500000, 0x0000000089600000, 0x0000000089600000|100%| O|  |TAMS 0x0000000089600000, 0x0000000089500000| Complete 
| 150|0x0000000089600000, 0x0000000089600000, 0x0000000089700000|  0%| F|  |TAMS 0x0000000089600000, 0x0000000089600000| Untracked 
| 151|0x0000000089700000, 0x0000000089700000, 0x0000000089800000|  0%| F|  |TAMS 0x0000000089700000, 0x0000000089700000| Untracked 
| 152|0x0000000089800000, 0x0000000089800000, 0x0000000089900000|  0%| F|  |TAMS 0x0000000089800000, 0x0000000089800000| Untracked 
| 153|0x0000000089900000, 0x0000000089900000, 0x0000000089a00000|  0%| F|  |TAMS 0x0000000089900000, 0x0000000089900000| Untracked 
| 154|0x0000000089a00000, 0x0000000089a00000, 0x0000000089b00000|  0%| F|  |TAMS 0x0000000089a00000, 0x0000000089a00000| Untracked 
| 155|0x0000000089b00000, 0x0000000089b00000, 0x0000000089c00000|  0%| F|  |TAMS 0x0000000089b00000, 0x0000000089b00000| Untracked 
| 156|0x0000000089c00000, 0x0000000089c00000, 0x0000000089d00000|  0%| F|  |TAMS 0x0000000089c00000, 0x0000000089c00000| Untracked 
| 157|0x0000000089d00000, 0x0000000089d00000, 0x0000000089e00000|  0%| F|  |TAMS 0x0000000089d00000, 0x0000000089d00000| Untracked 
| 158|0x0000000089e00000, 0x0000000089e00000, 0x0000000089f00000|  0%| F|  |TAMS 0x0000000089e00000, 0x0000000089e00000| Untracked 
| 159|0x0000000089f00000, 0x0000000089f00000, 0x000000008a000000|  0%| F|  |TAMS 0x0000000089f00000, 0x0000000089f00000| Untracked 
| 160|0x000000008a000000, 0x000000008a000000, 0x000000008a100000|  0%| F|  |TAMS 0x000000008a000000, 0x000000008a000000| Untracked 
| 161|0x000000008a100000, 0x000000008a100000, 0x000000008a200000|  0%| F|  |TAMS 0x000000008a100000, 0x000000008a100000| Untracked 
| 162|0x000000008a200000, 0x000000008a200000, 0x000000008a300000|  0%| F|  |TAMS 0x000000008a200000, 0x000000008a200000| Untracked 
| 163|0x000000008a300000, 0x000000008a300000, 0x000000008a400000|  0%| F|  |TAMS 0x000000008a300000, 0x000000008a300000| Untracked 
| 164|0x000000008a400000, 0x000000008a400000, 0x000000008a500000|  0%| F|  |TAMS 0x000000008a400000, 0x000000008a400000| Untracked 
| 165|0x000000008a500000, 0x000000008a500000, 0x000000008a600000|  0%| F|  |TAMS 0x000000008a500000, 0x000000008a500000| Untracked 
| 166|0x000000008a600000, 0x000000008a600000, 0x000000008a700000|  0%| F|  |TAMS 0x000000008a600000, 0x000000008a600000| Untracked 
| 167|0x000000008a700000, 0x000000008a700000, 0x000000008a800000|  0%| F|  |TAMS 0x000000008a700000, 0x000000008a700000| Untracked 
| 168|0x000000008a800000, 0x000000008a800000, 0x000000008a900000|  0%| F|  |TAMS 0x000000008a800000, 0x000000008a800000| Untracked 
| 169|0x000000008a900000, 0x000000008a900000, 0x000000008aa00000|  0%| F|  |TAMS 0x000000008a900000, 0x000000008a900000| Untracked 
| 170|0x000000008aa00000, 0x000000008ab00000, 0x000000008ab00000|100%| O|  |TAMS 0x000000008ab00000, 0x000000008aa00000| Complete 
| 171|0x000000008ab00000, 0x000000008ab00000, 0x000000008ac00000|  0%| F|  |TAMS 0x000000008ab00000, 0x000000008ab00000| Untracked 
| 172|0x000000008ac00000, 0x000000008ad00000, 0x000000008ad00000|100%| O|  |TAMS 0x000000008ad00000, 0x000000008ac00000| Untracked 
| 173|0x000000008ad00000, 0x000000008ae00000, 0x000000008ae00000|100%| O|  |TAMS 0x000000008ae00000, 0x000000008ad00000| Complete 
| 174|0x000000008ae00000, 0x000000008ae00000, 0x000000008af00000|  0%| F|  |TAMS 0x000000008ae00000, 0x000000008ae00000| Untracked 
| 175|0x000000008af00000, 0x000000008af00000, 0x000000008b000000|  0%| F|  |TAMS 0x000000008af00000, 0x000000008af00000| Untracked 
| 176|0x000000008b000000, 0x000000008b000000, 0x000000008b100000|  0%| F|  |TAMS 0x000000008b000000, 0x000000008b000000| Untracked 
| 177|0x000000008b100000, 0x000000008b100000, 0x000000008b200000|  0%| F|  |TAMS 0x000000008b100000, 0x000000008b100000| Untracked 
| 178|0x000000008b200000, 0x000000008b200000, 0x000000008b300000|  0%| F|  |TAMS 0x000000008b200000, 0x000000008b200000| Untracked 
| 179|0x000000008b300000, 0x000000008b300000, 0x000000008b400000|  0%| F|  |TAMS 0x000000008b300000, 0x000000008b300000| Untracked 
| 180|0x000000008b400000, 0x000000008b400000, 0x000000008b500000|  0%| F|  |TAMS 0x000000008b400000, 0x000000008b400000| Untracked 
| 181|0x000000008b500000, 0x000000008b500000, 0x000000008b600000|  0%| F|  |TAMS 0x000000008b500000, 0x000000008b500000| Untracked 
| 182|0x000000008b600000, 0x000000008b600000, 0x000000008b700000|  0%| F|  |TAMS 0x000000008b600000, 0x000000008b600000| Untracked 
| 183|0x000000008b700000, 0x000000008b700000, 0x000000008b800000|  0%| F|  |TAMS 0x000000008b700000, 0x000000008b700000| Untracked 
| 184|0x000000008b800000, 0x000000008b800000, 0x000000008b900000|  0%| F|  |TAMS 0x000000008b800000, 0x000000008b800000| Untracked 
| 185|0x000000008b900000, 0x000000008b900000, 0x000000008ba00000|  0%| F|  |TAMS 0x000000008b900000, 0x000000008b900000| Untracked 
| 186|0x000000008ba00000, 0x000000008ba00000, 0x000000008bb00000|  0%| F|  |TAMS 0x000000008ba00000, 0x000000008ba00000| Untracked 
| 187|0x000000008bb00000, 0x000000008bb00000, 0x000000008bc00000|  0%| F|  |TAMS 0x000000008bb00000, 0x000000008bb00000| Untracked 
| 188|0x000000008bc00000, 0x000000008bc00000, 0x000000008bd00000|  0%| F|  |TAMS 0x000000008bc00000, 0x000000008bc00000| Untracked 
| 189|0x000000008bd00000, 0x000000008bd00000, 0x000000008be00000|  0%| F|  |TAMS 0x000000008bd00000, 0x000000008bd00000| Untracked 
| 190|0x000000008be00000, 0x000000008be00000, 0x000000008bf00000|  0%| F|  |TAMS 0x000000008be00000, 0x000000008be00000| Untracked 
| 191|0x000000008bf00000, 0x000000008bf00000, 0x000000008c000000|  0%| F|  |TAMS 0x000000008bf00000, 0x000000008bf00000| Untracked 
| 192|0x000000008c000000, 0x000000008c000000, 0x000000008c100000|  0%| F|  |TAMS 0x000000008c000000, 0x000000008c000000| Untracked 
| 193|0x000000008c100000, 0x000000008c100000, 0x000000008c200000|  0%| F|  |TAMS 0x000000008c100000, 0x000000008c100000| Untracked 
| 194|0x000000008c200000, 0x000000008c200000, 0x000000008c300000|  0%| F|  |TAMS 0x000000008c200000, 0x000000008c200000| Untracked 
| 195|0x000000008c300000, 0x000000008c300000, 0x000000008c400000|  0%| F|  |TAMS 0x000000008c300000, 0x000000008c300000| Untracked 
| 196|0x000000008c400000, 0x000000008c400000, 0x000000008c500000|  0%| F|  |TAMS 0x000000008c400000, 0x000000008c400000| Untracked 
| 197|0x000000008c500000, 0x000000008c500000, 0x000000008c600000|  0%| F|  |TAMS 0x000000008c500000, 0x000000008c500000| Untracked 
| 198|0x000000008c600000, 0x000000008c600000, 0x000000008c700000|  0%| F|  |TAMS 0x000000008c600000, 0x000000008c600000| Untracked 
| 199|0x000000008c700000, 0x000000008c700000, 0x000000008c800000|  0%| F|  |TAMS 0x000000008c700000, 0x000000008c700000| Untracked 
| 200|0x000000008c800000, 0x000000008c800000, 0x000000008c900000|  0%| F|  |TAMS 0x000000008c800000, 0x000000008c800000| Untracked 
| 201|0x000000008c900000, 0x000000008c900000, 0x000000008ca00000|  0%| F|  |TAMS 0x000000008c900000, 0x000000008c900000| Untracked 
| 202|0x000000008ca00000, 0x000000008ca00000, 0x000000008cb00000|  0%| F|  |TAMS 0x000000008ca00000, 0x000000008ca00000| Untracked 
| 203|0x000000008cb00000, 0x000000008cb00000, 0x000000008cc00000|  0%| F|  |TAMS 0x000000008cb00000, 0x000000008cb00000| Untracked 
| 204|0x000000008cc00000, 0x000000008cc00000, 0x000000008cd00000|  0%| F|  |TAMS 0x000000008cc00000, 0x000000008cc00000| Untracked 
| 205|0x000000008cd00000, 0x000000008cd00000, 0x000000008ce00000|  0%| F|  |TAMS 0x000000008cd00000, 0x000000008cd00000| Untracked 
| 206|0x000000008ce00000, 0x000000008ce00000, 0x000000008cf00000|  0%| F|  |TAMS 0x000000008ce00000, 0x000000008ce00000| Untracked 
| 207|0x000000008cf00000, 0x000000008cf00000, 0x000000008d000000|  0%| F|  |TAMS 0x000000008cf00000, 0x000000008cf00000| Untracked 
| 208|0x000000008d000000, 0x000000008d000000, 0x000000008d100000|  0%| F|  |TAMS 0x000000008d000000, 0x000000008d000000| Untracked 
| 209|0x000000008d100000, 0x000000008d100000, 0x000000008d200000|  0%| F|  |TAMS 0x000000008d100000, 0x000000008d100000| Untracked 
| 210|0x000000008d200000, 0x000000008d200000, 0x000000008d300000|  0%| F|  |TAMS 0x000000008d200000, 0x000000008d200000| Untracked 
| 211|0x000000008d300000, 0x000000008d300000, 0x000000008d400000|  0%| F|  |TAMS 0x000000008d300000, 0x000000008d300000| Untracked 
| 212|0x000000008d400000, 0x000000008d400000, 0x000000008d500000|  0%| F|  |TAMS 0x000000008d400000, 0x000000008d400000| Untracked 
| 213|0x000000008d500000, 0x000000008d500000, 0x000000008d600000|  0%| F|  |TAMS 0x000000008d500000, 0x000000008d500000| Untracked 
| 214|0x000000008d600000, 0x000000008d600000, 0x000000008d700000|  0%| F|  |TAMS 0x000000008d600000, 0x000000008d600000| Untracked 
| 215|0x000000008d700000, 0x000000008d700000, 0x000000008d800000|  0%| F|  |TAMS 0x000000008d700000, 0x000000008d700000| Untracked 
| 216|0x000000008d800000, 0x000000008d800000, 0x000000008d900000|  0%| F|  |TAMS 0x000000008d800000, 0x000000008d800000| Untracked 
| 217|0x000000008d900000, 0x000000008d900000, 0x000000008da00000|  0%| F|  |TAMS 0x000000008d900000, 0x000000008d900000| Untracked 
| 218|0x000000008da00000, 0x000000008da00000, 0x000000008db00000|  0%| F|  |TAMS 0x000000008da00000, 0x000000008da00000| Untracked 
| 219|0x000000008db00000, 0x000000008db00000, 0x000000008dc00000|  0%| F|  |TAMS 0x000000008db00000, 0x000000008db00000| Untracked 
| 220|0x000000008dc00000, 0x000000008dc00000, 0x000000008dd00000|  0%| F|  |TAMS 0x000000008dc00000, 0x000000008dc00000| Untracked 
| 221|0x000000008dd00000, 0x000000008dd00000, 0x000000008de00000|  0%| F|  |TAMS 0x000000008dd00000, 0x000000008dd00000| Untracked 
| 222|0x000000008de00000, 0x000000008de00000, 0x000000008df00000|  0%| F|  |TAMS 0x000000008de00000, 0x000000008de00000| Untracked 
| 223|0x000000008df00000, 0x000000008df00000, 0x000000008e000000|  0%| F|  |TAMS 0x000000008df00000, 0x000000008df00000| Untracked 
| 224|0x000000008e000000, 0x000000008e000000, 0x000000008e100000|  0%| F|  |TAMS 0x000000008e000000, 0x000000008e000000| Untracked 
| 225|0x000000008e100000, 0x000000008e100000, 0x000000008e200000|  0%| F|  |TAMS 0x000000008e100000, 0x000000008e100000| Untracked 
| 226|0x000000008e200000, 0x000000008e200000, 0x000000008e300000|  0%| F|  |TAMS 0x000000008e200000, 0x000000008e200000| Untracked 
| 227|0x000000008e300000, 0x000000008e300000, 0x000000008e400000|  0%| F|  |TAMS 0x000000008e300000, 0x000000008e300000| Untracked 
| 228|0x000000008e400000, 0x000000008e400000, 0x000000008e500000|  0%| F|  |TAMS 0x000000008e400000, 0x000000008e400000| Untracked 
| 229|0x000000008e500000, 0x000000008e500000, 0x000000008e600000|  0%| F|  |TAMS 0x000000008e500000, 0x000000008e500000| Untracked 
| 230|0x000000008e600000, 0x000000008e600000, 0x000000008e700000|  0%| F|  |TAMS 0x000000008e600000, 0x000000008e600000| Untracked 
| 231|0x000000008e700000, 0x000000008e700000, 0x000000008e800000|  0%| F|  |TAMS 0x000000008e700000, 0x000000008e700000| Untracked 
| 232|0x000000008e800000, 0x000000008e800000, 0x000000008e900000|  0%| F|  |TAMS 0x000000008e800000, 0x000000008e800000| Untracked 
| 233|0x000000008e900000, 0x000000008e900000, 0x000000008ea00000|  0%| F|  |TAMS 0x000000008e900000, 0x000000008e900000| Untracked 
| 234|0x000000008ea00000, 0x000000008ea00000, 0x000000008eb00000|  0%| F|  |TAMS 0x000000008ea00000, 0x000000008ea00000| Untracked 
| 235|0x000000008eb00000, 0x000000008eb00000, 0x000000008ec00000|  0%| F|  |TAMS 0x000000008eb00000, 0x000000008eb00000| Untracked 
| 236|0x000000008ec00000, 0x000000008ec00000, 0x000000008ed00000|  0%| F|  |TAMS 0x000000008ec00000, 0x000000008ec00000| Untracked 
| 237|0x000000008ed00000, 0x000000008ed00000, 0x000000008ee00000|  0%| F|  |TAMS 0x000000008ed00000, 0x000000008ed00000| Untracked 
| 238|0x000000008ee00000, 0x000000008ee00000, 0x000000008ef00000|  0%| F|  |TAMS 0x000000008ee00000, 0x000000008ee00000| Untracked 
| 239|0x000000008ef00000, 0x000000008ef00000, 0x000000008f000000|  0%| F|  |TAMS 0x000000008ef00000, 0x000000008ef00000| Untracked 
| 240|0x000000008f000000, 0x000000008f000000, 0x000000008f100000|  0%| F|  |TAMS 0x000000008f000000, 0x000000008f000000| Untracked 
| 241|0x000000008f100000, 0x000000008f100000, 0x000000008f200000|  0%| F|  |TAMS 0x000000008f100000, 0x000000008f100000| Untracked 
| 242|0x000000008f200000, 0x000000008f200000, 0x000000008f300000|  0%| F|  |TAMS 0x000000008f200000, 0x000000008f200000| Untracked 
| 243|0x000000008f300000, 0x000000008f300000, 0x000000008f400000|  0%| F|  |TAMS 0x000000008f300000, 0x000000008f300000| Untracked 
| 244|0x000000008f400000, 0x000000008f400000, 0x000000008f500000|  0%| F|  |TAMS 0x000000008f400000, 0x000000008f400000| Untracked 
| 245|0x000000008f500000, 0x000000008f500000, 0x000000008f600000|  0%| F|  |TAMS 0x000000008f500000, 0x000000008f500000| Untracked 
| 246|0x000000008f600000, 0x000000008f600000, 0x000000008f700000|  0%| F|  |TAMS 0x000000008f600000, 0x000000008f600000| Untracked 
| 247|0x000000008f700000, 0x000000008f700000, 0x000000008f800000|  0%| F|  |TAMS 0x000000008f700000, 0x000000008f700000| Untracked 
| 248|0x000000008f800000, 0x000000008f800000, 0x000000008f900000|  0%| F|  |TAMS 0x000000008f800000, 0x000000008f800000| Untracked 
| 249|0x000000008f900000, 0x000000008f900000, 0x000000008fa00000|  0%| F|  |TAMS 0x000000008f900000, 0x000000008f900000| Untracked 
| 250|0x000000008fa00000, 0x000000008fa00000, 0x000000008fb00000|  0%| F|  |TAMS 0x000000008fa00000, 0x000000008fa00000| Untracked 
| 251|0x000000008fb00000, 0x000000008fb00000, 0x000000008fc00000|  0%| F|  |TAMS 0x000000008fb00000, 0x000000008fb00000| Untracked 
| 252|0x000000008fc00000, 0x000000008fc00000, 0x000000008fd00000|  0%| F|  |TAMS 0x000000008fc00000, 0x000000008fc00000| Untracked 
| 253|0x000000008fd00000, 0x000000008fd00000, 0x000000008fe00000|  0%| F|  |TAMS 0x000000008fd00000, 0x000000008fd00000| Untracked 
| 254|0x000000008fe00000, 0x000000008fe00000, 0x000000008ff00000|  0%| F|  |TAMS 0x000000008fe00000, 0x000000008fe00000| Untracked 
| 255|0x000000008ff00000, 0x000000008ff00000, 0x0000000090000000|  0%| F|  |TAMS 0x000000008ff00000, 0x000000008ff00000| Untracked 
| 256|0x0000000090000000, 0x0000000090000000, 0x0000000090100000|  0%| F|  |TAMS 0x0000000090000000, 0x0000000090000000| Untracked 
| 257|0x0000000090100000, 0x0000000090100000, 0x0000000090200000|  0%| F|  |TAMS 0x0000000090100000, 0x0000000090100000| Untracked 
| 258|0x0000000090200000, 0x0000000090200000, 0x0000000090300000|  0%| F|  |TAMS 0x0000000090200000, 0x0000000090200000| Untracked 
| 259|0x0000000090300000, 0x0000000090300000, 0x0000000090400000|  0%| F|  |TAMS 0x0000000090300000, 0x0000000090300000| Untracked 
| 260|0x0000000090400000, 0x0000000090400000, 0x0000000090500000|  0%| F|  |TAMS 0x0000000090400000, 0x0000000090400000| Untracked 
| 261|0x0000000090500000, 0x00000000905870a8, 0x0000000090600000| 52%| E|  |TAMS 0x0000000090500000, 0x0000000090500000| Complete 
| 262|0x0000000090600000, 0x0000000090700000, 0x0000000090700000|100%| E|CS|TAMS 0x0000000090600000, 0x0000000090600000| Complete 
| 263|0x0000000090700000, 0x0000000090800000, 0x0000000090800000|100%| E|CS|TAMS 0x0000000090700000, 0x0000000090700000| Complete 
| 264|0x0000000090800000, 0x0000000090900000, 0x0000000090900000|100%| E|CS|TAMS 0x0000000090800000, 0x0000000090800000| Complete 
| 265|0x0000000090900000, 0x0000000090a00000, 0x0000000090a00000|100%| E|CS|TAMS 0x0000000090900000, 0x0000000090900000| Complete 
| 266|0x0000000090a00000, 0x0000000090b00000, 0x0000000090b00000|100%| E|CS|TAMS 0x0000000090a00000, 0x0000000090a00000| Complete 
| 267|0x0000000090b00000, 0x0000000090c00000, 0x0000000090c00000|100%| E|CS|TAMS 0x0000000090b00000, 0x0000000090b00000| Complete 
| 268|0x0000000090c00000, 0x0000000090d00000, 0x0000000090d00000|100%| E|CS|TAMS 0x0000000090c00000, 0x0000000090c00000| Complete 
| 269|0x0000000090d00000, 0x0000000090e00000, 0x0000000090e00000|100%| E|CS|TAMS 0x0000000090d00000, 0x0000000090d00000| Complete 
| 270|0x0000000090e00000, 0x0000000090f00000, 0x0000000090f00000|100%| E|CS|TAMS 0x0000000090e00000, 0x0000000090e00000| Complete 
| 271|0x0000000090f00000, 0x0000000091000000, 0x0000000091000000|100%| E|CS|TAMS 0x0000000090f00000, 0x0000000090f00000| Complete 
| 272|0x0000000091000000, 0x0000000091100000, 0x0000000091100000|100%| E|CS|TAMS 0x0000000091000000, 0x0000000091000000| Complete 
| 273|0x0000000091100000, 0x0000000091200000, 0x0000000091200000|100%| E|CS|TAMS 0x0000000091100000, 0x0000000091100000| Complete 
| 274|0x0000000091200000, 0x0000000091300000, 0x0000000091300000|100%| E|CS|TAMS 0x0000000091200000, 0x0000000091200000| Complete 
| 275|0x0000000091300000, 0x0000000091400000, 0x0000000091400000|100%| E|CS|TAMS 0x0000000091300000, 0x0000000091300000| Complete 
| 276|0x0000000091400000, 0x0000000091500000, 0x0000000091500000|100%| E|CS|TAMS 0x0000000091400000, 0x0000000091400000| Complete 
| 277|0x0000000091500000, 0x0000000091600000, 0x0000000091600000|100%| E|CS|TAMS 0x0000000091500000, 0x0000000091500000| Complete 
| 278|0x0000000091600000, 0x0000000091700000, 0x0000000091700000|100%| E|CS|TAMS 0x0000000091600000, 0x0000000091600000| Complete 
| 279|0x0000000091700000, 0x0000000091800000, 0x0000000091800000|100%| E|CS|TAMS 0x0000000091700000, 0x0000000091700000| Complete 
| 280|0x0000000091800000, 0x0000000091900000, 0x0000000091900000|100%| E|CS|TAMS 0x0000000091800000, 0x0000000091800000| Complete 
| 281|0x0000000091900000, 0x0000000091a00000, 0x0000000091a00000|100%| E|CS|TAMS 0x0000000091900000, 0x0000000091900000| Complete 
| 282|0x0000000091a00000, 0x0000000091b00000, 0x0000000091b00000|100%| E|CS|TAMS 0x0000000091a00000, 0x0000000091a00000| Complete 
| 283|0x0000000091b00000, 0x0000000091c00000, 0x0000000091c00000|100%| E|CS|TAMS 0x0000000091b00000, 0x0000000091b00000| Complete 
| 284|0x0000000091c00000, 0x0000000091d00000, 0x0000000091d00000|100%| E|CS|TAMS 0x0000000091c00000, 0x0000000091c00000| Complete 
| 285|0x0000000091d00000, 0x0000000091e00000, 0x0000000091e00000|100%| E|CS|TAMS 0x0000000091d00000, 0x0000000091d00000| Complete 
| 286|0x0000000091e00000, 0x0000000091f00000, 0x0000000091f00000|100%| E|CS|TAMS 0x0000000091e00000, 0x0000000091e00000| Complete 
| 287|0x0000000091f00000, 0x0000000092000000, 0x0000000092000000|100%| E|CS|TAMS 0x0000000091f00000, 0x0000000091f00000| Complete 
| 288|0x0000000092000000, 0x000000009202bbb0, 0x0000000092100000| 17%| S|CS|TAMS 0x0000000092000000, 0x0000000092000000| Complete 
| 289|0x0000000092100000, 0x0000000092200000, 0x0000000092200000|100%| S|CS|TAMS 0x0000000092100000, 0x0000000092100000| Complete 
| 290|0x0000000092200000, 0x0000000092300000, 0x0000000092300000|100%| S|CS|TAMS 0x0000000092200000, 0x0000000092200000| Complete 
| 291|0x0000000092300000, 0x0000000092400000, 0x0000000092400000|100%| S|CS|TAMS 0x0000000092300000, 0x0000000092300000| Complete 
| 292|0x0000000092400000, 0x0000000092500000, 0x0000000092500000|100%| S|CS|TAMS 0x0000000092400000, 0x0000000092400000| Complete 
| 293|0x0000000092500000, 0x0000000092600000, 0x0000000092600000|100%| S|CS|TAMS 0x0000000092500000, 0x0000000092500000| Complete 
| 294|0x0000000092600000, 0x0000000092700000, 0x0000000092700000|100%| S|CS|TAMS 0x0000000092600000, 0x0000000092600000| Complete 
| 295|0x0000000092700000, 0x0000000092800000, 0x0000000092800000|100%| S|CS|TAMS 0x0000000092700000, 0x0000000092700000| Complete 
| 296|0x0000000092800000, 0x0000000092900000, 0x0000000092900000|100%| S|CS|TAMS 0x0000000092800000, 0x0000000092800000| Complete 
| 297|0x0000000092900000, 0x0000000092a00000, 0x0000000092a00000|100%| S|CS|TAMS 0x0000000092900000, 0x0000000092900000| Complete 
| 298|0x0000000092a00000, 0x0000000092b00000, 0x0000000092b00000|100%| S|CS|TAMS 0x0000000092a00000, 0x0000000092a00000| Complete 
| 299|0x0000000092b00000, 0x0000000092c00000, 0x0000000092c00000|100%| E|CS|TAMS 0x0000000092b00000, 0x0000000092b00000| Complete 
| 300|0x0000000092c00000, 0x0000000092d00000, 0x0000000092d00000|100%| E|CS|TAMS 0x0000000092c00000, 0x0000000092c00000| Complete 
| 301|0x0000000092d00000, 0x0000000092e00000, 0x0000000092e00000|100%| E|CS|TAMS 0x0000000092d00000, 0x0000000092d00000| Complete 
| 302|0x0000000092e00000, 0x0000000092f00000, 0x0000000092f00000|100%| E|CS|TAMS 0x0000000092e00000, 0x0000000092e00000| Complete 
| 303|0x0000000092f00000, 0x0000000093000000, 0x0000000093000000|100%| E|CS|TAMS 0x0000000092f00000, 0x0000000092f00000| Complete 
| 304|0x0000000093000000, 0x0000000093100000, 0x0000000093100000|100%| E|CS|TAMS 0x0000000093000000, 0x0000000093000000| Complete 
| 305|0x0000000093100000, 0x0000000093200000, 0x0000000093200000|100%| E|CS|TAMS 0x0000000093100000, 0x0000000093100000| Complete 
| 306|0x0000000093200000, 0x0000000093300000, 0x0000000093300000|100%| E|CS|TAMS 0x0000000093200000, 0x0000000093200000| Complete 
| 307|0x0000000093300000, 0x0000000093400000, 0x0000000093400000|100%| E|CS|TAMS 0x0000000093300000, 0x0000000093300000| Complete 
| 308|0x0000000093400000, 0x0000000093500000, 0x0000000093500000|100%| E|CS|TAMS 0x0000000093400000, 0x0000000093400000| Complete 
| 309|0x0000000093500000, 0x0000000093600000, 0x0000000093600000|100%| E|CS|TAMS 0x0000000093500000, 0x0000000093500000| Complete 
| 310|0x0000000093600000, 0x0000000093700000, 0x0000000093700000|100%| E|CS|TAMS 0x0000000093600000, 0x0000000093600000| Complete 
| 311|0x0000000093700000, 0x0000000093800000, 0x0000000093800000|100%| E|CS|TAMS 0x0000000093700000, 0x0000000093700000| Complete 
| 312|0x0000000093800000, 0x0000000093900000, 0x0000000093900000|100%| E|CS|TAMS 0x0000000093800000, 0x0000000093800000| Complete 
| 313|0x0000000093900000, 0x0000000093a00000, 0x0000000093a00000|100%| E|CS|TAMS 0x0000000093900000, 0x0000000093900000| Complete 
| 314|0x0000000093a00000, 0x0000000093b00000, 0x0000000093b00000|100%| E|CS|TAMS 0x0000000093a00000, 0x0000000093a00000| Complete 
| 315|0x0000000093b00000, 0x0000000093c00000, 0x0000000093c00000|100%| E|CS|TAMS 0x0000000093b00000, 0x0000000093b00000| Complete 
| 316|0x0000000093c00000, 0x0000000093d00000, 0x0000000093d00000|100%| E|CS|TAMS 0x0000000093c00000, 0x0000000093c00000| Complete 
| 317|0x0000000093d00000, 0x0000000093e00000, 0x0000000093e00000|100%| E|CS|TAMS 0x0000000093d00000, 0x0000000093d00000| Complete 
| 318|0x0000000093e00000, 0x0000000093f00000, 0x0000000093f00000|100%| E|CS|TAMS 0x0000000093e00000, 0x0000000093e00000| Complete 
| 319|0x0000000093f00000, 0x0000000094000000, 0x0000000094000000|100%| E|CS|TAMS 0x0000000093f00000, 0x0000000093f00000| Complete 
| 320|0x0000000094000000, 0x0000000094100000, 0x0000000094100000|100%| E|CS|TAMS 0x0000000094000000, 0x0000000094000000| Complete 
| 321|0x0000000094100000, 0x0000000094200000, 0x0000000094200000|100%| E|CS|TAMS 0x0000000094100000, 0x0000000094100000| Complete 
| 322|0x0000000094200000, 0x0000000094300000, 0x0000000094300000|100%| E|CS|TAMS 0x0000000094200000, 0x0000000094200000| Complete 
| 323|0x0000000094300000, 0x0000000094400000, 0x0000000094400000|100%| E|CS|TAMS 0x0000000094300000, 0x0000000094300000| Complete 
| 324|0x0000000094400000, 0x0000000094500000, 0x0000000094500000|100%| E|CS|TAMS 0x0000000094400000, 0x0000000094400000| Complete 
| 325|0x0000000094500000, 0x0000000094600000, 0x0000000094600000|100%| E|CS|TAMS 0x0000000094500000, 0x0000000094500000| Complete 
| 326|0x0000000094600000, 0x0000000094700000, 0x0000000094700000|100%| E|CS|TAMS 0x0000000094600000, 0x0000000094600000| Complete 
| 327|0x0000000094700000, 0x0000000094800000, 0x0000000094800000|100%| E|CS|TAMS 0x0000000094700000, 0x0000000094700000| Complete 
| 328|0x0000000094800000, 0x0000000094900000, 0x0000000094900000|100%| E|CS|TAMS 0x0000000094800000, 0x0000000094800000| Complete 
| 329|0x0000000094900000, 0x0000000094a00000, 0x0000000094a00000|100%| E|CS|TAMS 0x0000000094900000, 0x0000000094900000| Complete 
| 330|0x0000000094a00000, 0x0000000094b00000, 0x0000000094b00000|100%| E|CS|TAMS 0x0000000094a00000, 0x0000000094a00000| Complete 
| 331|0x0000000094b00000, 0x0000000094c00000, 0x0000000094c00000|100%| E|CS|TAMS 0x0000000094b00000, 0x0000000094b00000| Complete 
| 332|0x0000000094c00000, 0x0000000094d00000, 0x0000000094d00000|100%| E|CS|TAMS 0x0000000094c00000, 0x0000000094c00000| Complete 
| 333|0x0000000094d00000, 0x0000000094e00000, 0x0000000094e00000|100%| E|CS|TAMS 0x0000000094d00000, 0x0000000094d00000| Complete 
| 334|0x0000000094e00000, 0x0000000094f00000, 0x0000000094f00000|100%| E|CS|TAMS 0x0000000094e00000, 0x0000000094e00000| Complete 
| 335|0x0000000094f00000, 0x0000000095000000, 0x0000000095000000|100%| E|CS|TAMS 0x0000000094f00000, 0x0000000094f00000| Complete 

Card table byte_map: [0x000001d851b50000,0x000001d851f50000] _byte_map_base: 0x000001d851750000

Marking Bits (Prev, Next): (CMBitMap*) 0x000001d83ec9e440, (CMBitMap*) 0x000001d83ec9e408
 Prev Bits: [0x000001d854350000, 0x000001d856350000)
 Next Bits: [0x000001d852350000, 0x000001d854350000)

Polling page: 0x000001d83ca80000

Metaspace:

Usage:
  Non-class:    134.58 MB capacity,   131.31 MB ( 98%) used,     2.66 MB (  2%) free+waste,   620.44 KB ( <1%) overhead. 
      Class:     20.16 MB capacity,    18.30 MB ( 91%) used,     1.59 MB (  8%) free+waste,   272.31 KB (  1%) overhead. 
       Both:    154.73 MB capacity,   149.61 MB ( 97%) used,     4.26 MB (  3%) free+waste,   892.75 KB ( <1%) overhead. 

Virtual space:
  Non-class space:      136.00 MB reserved,     134.81 MB (>99%) committed 
      Class space:        1.00 GB reserved,      20.25 MB (  2%) committed 
             Both:        1.13 GB reserved,     155.06 MB ( 13%) committed 

Chunk freelists:
   Non-Class:  45.00 KB
       Class:  31.00 KB
        Both:  76.00 KB

MaxMetaspaceSize: 17179869184.00 GB
CompressedClassSpaceSize: 1.00 GB

CodeHeap 'non-profiled nmethods': size=120064Kb used=30335Kb max_used=30335Kb free=89728Kb
 bounds [0x000001d84a210000, 0x000001d84bfc0000, 0x000001d851750000]
CodeHeap 'profiled nmethods': size=120000Kb used=62877Kb max_used=62877Kb free=57122Kb
 bounds [0x000001d842ce0000, 0x000001d846ab0000, 0x000001d84a210000]
CodeHeap 'non-nmethods': size=5696Kb used=2410Kb max_used=2494Kb free=3285Kb
 bounds [0x000001d842750000, 0x000001d8429d0000, 0x000001d842ce0000]
 total_blobs=29229 nmethods=28180 adapters=958
 compilation: enabled
              stopped_count=0, restarted_count=0
 full_count=0

Compilation events (20 events):
Event: 6102.561 Thread 0x000001d858856800 36445       3       java.lang.invoke.InvokerBytecodeGenerator::emitReturn (107 bytes)
Event: 6102.562 Thread 0x000001d858856800 nmethod 36445 0x000001d846a9ea90 code [0x000001d846a9ecc0, 0x000001d846a9f2a8]
Event: 6102.562 Thread 0x000001d858856800 36446       3       java.lang.invoke.BoundMethodHandle::speciesDataFor (32 bytes)
Event: 6102.563 Thread 0x000001d858856800 nmethod 36446 0x000001d846a9f610 code [0x000001d846a9f7e0, 0x000001d846a9fb38]
Event: 6102.565 Thread 0x000001d858856800 36447       3       java.lang.invoke.LambdaFormEditor::oldSpeciesData (8 bytes)
Event: 6102.565 Thread 0x000001d858856800 nmethod 36447 0x000001d846a9fc90 code [0x000001d846a9fe60, 0x000001d846aa0238]
Event: 6102.565 Thread 0x000001d858856800 36449       3       java.lang.invoke.LambdaFormBuffer::replaceName (124 bytes)
Event: 6102.566 Thread 0x000001d858856800 nmethod 36449 0x000001d846aa0390 code [0x000001d846aa0560, 0x000001d846aa0708]
Event: 6102.566 Thread 0x000001d858856800 36448       1       java.lang.invoke.LambdaForm::arity (5 bytes)
Event: 6102.566 Thread 0x000001d858856800 nmethod 36448 0x000001d84bfb0510 code [0x000001d84bfb06c0, 0x000001d84bfb0778]
Event: 6102.567 Thread 0x000001d858856800 36450       3       jdk.internal.org.objectweb.asm.ClassWriter::visitSource (36 bytes)
Event: 6102.568 Thread 0x000001d858856800 nmethod 36450 0x000001d846aa0810 code [0x000001d846aa0a00, 0x000001d846aa0e78]
Event: 6102.570 Thread 0x000001d858856800 36451       3       java.lang.invoke.MethodTypeForm::cachedLambdaForm (44 bytes)
Event: 6102.570 Thread 0x000001d858856800 nmethod 36451 0x000001d846aa1010 code [0x000001d846aa11e0, 0x000001d846aa1528]
Event: 6102.571 Thread 0x000001d858856800 36452       3       com.sun.org.apache.xml.internal.utils.SuballocatedIntVector::setElementAt (130 bytes)
Event: 6102.572 Thread 0x000001d858856800 nmethod 36452 0x000001d846aa1610 code [0x000001d846aa1800, 0x000001d846aa1ea8]
Event: 6102.990 Thread 0x000001d858855000 nmethod 36435 0x000001d84bfb0810 code [0x000001d84bfb1920, 0x000001d84bfb7c50]
Event: 6102.990 Thread 0x000001d858855000 36439       4       jdk.internal.org.objectweb.asm.Frame::get (46 bytes)
Event: 6102.992 Thread 0x000001d858855000 nmethod 36439 0x000001d84bfbb590 code [0x000001d84bfbb720, 0x000001d84bfbb7f8]
Event: 6102.992 Thread 0x000001d858855000 36436       4       java.lang.invoke.InvokerBytecodeGenerator::emitImplicitConversion (159 bytes)

GC Heap History (20 events):
Event: 5202.014 GC heap before
{Heap before GC invocations=255 (full 0):
 garbage-first heap   total 344064K, used 164971K [0x0000000080000000, 0x0000000100000000)
  region size 1024K, 41 young (41984K), 2 survivors (2048K)
 Metaspace       used 150538K, capacity 155681K, committed 156860K, reserved 1185792K
  class space    used 18437K, capacity 20274K, committed 20352K, reserved 1048576K
}
Event: 5202.037 GC heap after
{Heap after GC invocations=256 (full 0):
 garbage-first heap   total 344064K, used 126879K [0x0000000080000000, 0x0000000100000000)
  region size 1024K, 2 young (2048K), 2 survivors (2048K)
 Metaspace       used 150538K, capacity 155681K, committed 156860K, reserved 1185792K
  class space    used 18437K, capacity 20274K, committed 20352K, reserved 1048576K
}
Event: 5204.667 GC heap before
{Heap before GC invocations=257 (full 0):
 garbage-first heap   total 344064K, used 246687K [0x0000000080000000, 0x0000000100000000)
  region size 1024K, 114 young (116736K), 2 survivors (2048K)
 Metaspace       used 150619K, capacity 155756K, committed 156860K, reserved 1185792K
  class space    used 18439K, capacity 20277K, committed 20352K, reserved 1048576K
}
Event: 5204.694 GC heap after
{Heap after GC invocations=258 (full 0):
 garbage-first heap   total 344064K, used 133717K [0x0000000080000000, 0x0000000100000000)
  region size 1024K, 7 young (7168K), 7 survivors (7168K)
 Metaspace       used 150619K, capacity 155756K, committed 156860K, reserved 1185792K
  class space    used 18439K, capacity 20277K, committed 20352K, reserved 1048576K
}
Event: 5205.405 GC heap before
{Heap before GC invocations=258 (full 0):
 garbage-first heap   total 344064K, used 142933K [0x0000000080000000, 0x0000000100000000)
  region size 1024K, 16 young (16384K), 7 survivors (7168K)
 Metaspace       used 150627K, capacity 155757K, committed 156860K, reserved 1185792K
  class space    used 18439K, capacity 20277K, committed 20352K, reserved 1048576K
}
Event: 5205.423 GC heap after
{Heap after GC invocations=259 (full 0):
 garbage-first heap   total 344064K, used 117369K [0x0000000080000000, 0x0000000100000000)
  region size 1024K, 1 young (1024K), 1 survivors (1024K)
 Metaspace       used 150627K, capacity 155757K, committed 156860K, reserved 1185792K
  class space    used 18439K, capacity 20277K, committed 20352K, reserved 1048576K
}
Event: 5205.782 GC heap before
{Heap before GC invocations=259 (full 0):
 garbage-first heap   total 344064K, used 129657K [0x0000000080000000, 0x0000000100000000)
  region size 1024K, 15 young (15360K), 1 survivors (1024K)
 Metaspace       used 150631K, capacity 155757K, committed 156860K, reserved 1185792K
  class space    used 18439K, capacity 20277K, committed 20352K, reserved 1048576K
}
Event: 5205.787 GC heap after
{Heap after GC invocations=260 (full 0):
 garbage-first heap   total 344064K, used 117195K [0x0000000080000000, 0x0000000100000000)
  region size 1024K, 1 young (1024K), 1 survivors (1024K)
 Metaspace       used 150631K, capacity 155757K, committed 156860K, reserved 1185792K
  class space    used 18439K, capacity 20277K, committed 20352K, reserved 1048576K
}
Event: 5417.906 GC heap before
{Heap before GC invocations=261 (full 0):
 garbage-first heap   total 344064K, used 269771K [0x0000000080000000, 0x0000000100000000)
  region size 1024K, 124 young (126976K), 1 survivors (1024K)
 Metaspace       used 150812K, capacity 155946K, committed 156860K, reserved 1185792K
  class space    used 18456K, capacity 20308K, committed 20352K, reserved 1048576K
}
Event: 5417.960 GC heap after
{Heap after GC invocations=262 (full 0):
 garbage-first heap   total 344064K, used 124224K [0x0000000080000000, 0x0000000100000000)
  region size 1024K, 8 young (8192K), 8 survivors (8192K)
 Metaspace       used 150812K, capacity 155946K, committed 156860K, reserved 1185792K
  class space    used 18456K, capacity 20308K, committed 20352K, reserved 1048576K
}
Event: 5418.111 GC heap before
{Heap before GC invocations=262 (full 0):
 garbage-first heap   total 344064K, used 132416K [0x0000000080000000, 0x0000000100000000)
  region size 1024K, 16 young (16384K), 8 survivors (8192K)
 Metaspace       used 150816K, capacity 155952K, committed 156860K, reserved 1185792K
  class space    used 18456K, capacity 20309K, committed 20352K, reserved 1048576K
}
Event: 5418.151 GC heap after
{Heap after GC invocations=263 (full 0):
 garbage-first heap   total 344064K, used 124600K [0x0000000080000000, 0x0000000100000000)
  region size 1024K, 1 young (1024K), 1 survivors (1024K)
 Metaspace       used 150816K, capacity 155952K, committed 156860K, reserved 1185792K
  class space    used 18456K, capacity 20309K, committed 20352K, reserved 1048576K
}
Event: 5418.296 GC heap before
{Heap before GC invocations=263 (full 0):
 garbage-first heap   total 344064K, used 132792K [0x0000000080000000, 0x0000000100000000)
  region size 1024K, 10 young (10240K), 1 survivors (1024K)
 Metaspace       used 150820K, capacity 155958K, committed 156860K, reserved 1185792K
  class space    used 18457K, capacity 20310K, committed 20352K, reserved 1048576K
}
Event: 5418.309 GC heap after
{Heap after GC invocations=264 (full 0):
 garbage-first heap   total 344064K, used 124185K [0x0000000080000000, 0x0000000100000000)
  region size 1024K, 1 young (1024K), 1 survivors (1024K)
 Metaspace       used 150820K, capacity 155958K, committed 156860K, reserved 1185792K
  class space    used 18457K, capacity 20310K, committed 20352K, reserved 1048576K
}
Event: 6085.841 GC heap before
{Heap before GC invocations=265 (full 0):
 garbage-first heap   total 344064K, used 270617K [0x0000000080000000, 0x0000000100000000)
  region size 1024K, 135 young (138240K), 1 survivors (1024K)
 Metaspace       used 151995K, capacity 157293K, committed 157500K, reserved 1185792K
  class space    used 18566K, capacity 20474K, committed 20480K, reserved 1048576K
}
Event: 6085.953 GC heap after
{Heap after GC invocations=266 (full 0):
 garbage-first heap   total 344064K, used 131449K [0x0000000080000000, 0x0000000100000000)
  region size 1024K, 8 young (8192K), 8 survivors (8192K)
 Metaspace       used 151995K, capacity 157293K, committed 157500K, reserved 1185792K
  class space    used 18566K, capacity 20474K, committed 20480K, reserved 1048576K
}
Event: 6086.537 GC heap before
{Heap before GC invocations=266 (full 0):
 garbage-first heap   total 344064K, used 138617K [0x0000000080000000, 0x0000000100000000)
  region size 1024K, 16 young (16384K), 8 survivors (8192K)
 Metaspace       used 151995K, capacity 157293K, committed 157500K, reserved 1185792K
  class space    used 18566K, capacity 20474K, committed 20480K, reserved 1048576K
}
Event: 6086.789 GC heap after
{Heap after GC invocations=267 (full 0):
 garbage-first heap   total 344064K, used 125538K [0x0000000080000000, 0x0000000100000000)
  region size 1024K, 1 young (1024K), 1 survivors (1024K)
 Metaspace       used 151995K, capacity 157293K, committed 157500K, reserved 1185792K
  class space    used 18566K, capacity 20474K, committed 20480K, reserved 1048576K
}
Event: 6088.192 GC heap before
{Heap before GC invocations=267 (full 0):
 garbage-first heap   total 344064K, used 160354K [0x0000000080000000, 0x0000000100000000)
  region size 1024K, 37 young (37888K), 1 survivors (1024K)
 Metaspace       used 151998K, capacity 157293K, committed 157500K, reserved 1185792K
  class space    used 18566K, capacity 20474K, committed 20480K, reserved 1048576K
}
Event: 6088.237 GC heap after
{Heap after GC invocations=268 (full 0):
 garbage-first heap   total 344064K, used 134929K [0x0000000080000000, 0x0000000100000000)
  region size 1024K, 11 young (11264K), 11 survivors (11264K)
 Metaspace       used 151998K, capacity 157293K, committed 157500K, reserved 1185792K
  class space    used 18566K, capacity 20474K, committed 20480K, reserved 1048576K
}

Deoptimization events (20 events):
Event: 6102.358 Thread 0x000001d85a56e000 Uncommon trap: trap_request=0xffffffbe fr.pc=0x000001d84b11eb20 relative=0x0000000000000fe0
Event: 6102.358 Thread 0x000001d85a56e000 Uncommon trap: reason=profile_predicate action=maybe_recompile pc=0x000001d84b11eb20 method=java.lang.invoke.InvokerBytecodeGenerator.<init>(Ljava/lang/String;Ljava/lang/String;Ljava/lang/invoke/LambdaForm;Ljava/lang/invoke/MethodType;)V @ 33 c2
Event: 6102.358 Thread 0x000001d85a56e000 DEOPT PACKING pc=0x000001d84b11eb20 sp=0x0000007b017f90d0
Event: 6102.358 Thread 0x000001d85a56e000 DEOPT UNPACKING pc=0x000001d8427778af sp=0x0000007b017f8ec0 mode 2
Event: 6102.359 Thread 0x000001d85a56e000 Uncommon trap: trap_request=0xffffffbe fr.pc=0x000001d84b11eb20 relative=0x0000000000000fe0
Event: 6102.359 Thread 0x000001d85a56e000 Uncommon trap: reason=profile_predicate action=maybe_recompile pc=0x000001d84b11eb20 method=java.lang.invoke.InvokerBytecodeGenerator.<init>(Ljava/lang/String;Ljava/lang/String;Ljava/lang/invoke/LambdaForm;Ljava/lang/invoke/MethodType;)V @ 33 c2
Event: 6102.359 Thread 0x000001d85a56e000 DEOPT PACKING pc=0x000001d84b11eb20 sp=0x0000007b017f9080
Event: 6102.359 Thread 0x000001d85a56e000 DEOPT UNPACKING pc=0x000001d8427778af sp=0x0000007b017f8e70 mode 2
Event: 6102.507 Thread 0x000001d85a56e000 Uncommon trap: trap_request=0xffffff4d fr.pc=0x000001d84b52c4cc relative=0x000000000000048c
Event: 6102.507 Thread 0x000001d85a56e000 Uncommon trap: reason=unstable_if action=reinterpret pc=0x000001d84b52c4cc method=javax.xml.namespace.QName.equals(Ljava/lang/Object;)Z @ 2 c2
Event: 6102.507 Thread 0x000001d85a56e000 DEOPT PACKING pc=0x000001d84b52c4cc sp=0x0000007b017fa460
Event: 6102.507 Thread 0x000001d85a56e000 DEOPT UNPACKING pc=0x000001d8427778af sp=0x0000007b017fa400 mode 2
Event: 6102.525 Thread 0x000001d85a56e000 Uncommon trap: trap_request=0xffffff4d fr.pc=0x000001d84a88170c relative=0x000000000000006c
Event: 6102.525 Thread 0x000001d85a56e000 Uncommon trap: reason=unstable_if action=reinterpret pc=0x000001d84a88170c method=org.apache.xerces.dom.ChildNode.getParentNode()Lorg/w3c/dom/Node; @ 4 c2
Event: 6102.525 Thread 0x000001d85a56e000 DEOPT PACKING pc=0x000001d84a88170c sp=0x0000007b017fa250
Event: 6102.525 Thread 0x000001d85a56e000 DEOPT UNPACKING pc=0x000001d8427778af sp=0x0000007b017fa1f0 mode 2
Event: 6102.619 Thread 0x000001d85a56e000 Uncommon trap: trap_request=0xffffffde fr.pc=0x000001d84b3da560 relative=0x0000000000002480
Event: 6102.620 Thread 0x000001d85a56e000 Uncommon trap: reason=class_check action=maybe_recompile pc=0x000001d84b3da560 method=sun.nio.ch.IOUtil.writeFromNativeBuffer(Ljava/io/FileDescriptor;Ljava/nio/ByteBuffer;JZILsun/nio/ch/NativeDispatcher;)I @ 93 c2
Event: 6102.620 Thread 0x000001d85a56e000 DEOPT PACKING pc=0x000001d84b3da560 sp=0x0000007b017fa0c0
Event: 6102.620 Thread 0x000001d85a56e000 DEOPT UNPACKING pc=0x000001d8427778af sp=0x0000007b017f9fd0 mode 2

Classes redefined (0 events):
No events

Internal exceptions (20 events):
Event: 6080.576 Thread 0x000001d85a562000 Exception <a 'java/net/SocketTimeoutException'{0x000000008f07a688}: Read timed out> (0x000000008f07a688) thrown at [./src/hotspot/share/prims/jni.cpp, line 636]
Event: 6080.874 Thread 0x000001d85a562000 Exception <a 'sun/nio/fs/WindowsException'{0x000000008eca5320}> (0x000000008eca5320) thrown at [./src/hotspot/share/prims/jni.cpp, line 615]
Event: 6081.249 Thread 0x000001d85eda4800 Exception <a 'sun/nio/fs/WindowsException'{0x000000008e773a58}> (0x000000008e773a58) thrown at [./src/hotspot/share/prims/jni.cpp, line 615]
Event: 6089.987 Thread 0x000001d85a56e000 Exception <a 'java/lang/NoSuchMethodError'{0x00000000934ebea0}: <clinit>> (0x00000000934ebea0) thrown at [./src/hotspot/share/prims/jni.cpp, line 1362]
Event: 6089.990 Thread 0x000001d85a56e000 Exception <a 'java/lang/NoSuchMethodError'{0x00000000934fc0f0}: <clinit>> (0x00000000934fc0f0) thrown at [./src/hotspot/share/prims/jni.cpp, line 1362]
Event: 6091.336 Thread 0x000001d85a56e000 Exception <a 'java/lang/NoSuchMethodError'{0x0000000093346520}: <clinit>> (0x0000000093346520) thrown at [./src/hotspot/share/prims/jni.cpp, line 1362]
Event: 6091.344 Thread 0x000001d85a56e000 Exception <a 'java/lang/NoSuchMethodError'{0x00000000933490e8}: <clinit>> (0x00000000933490e8) thrown at [./src/hotspot/share/prims/jni.cpp, line 1362]
Event: 6091.349 Thread 0x000001d85a56e000 Exception <a 'java/lang/NoSuchMethodError'{0x000000009334dac8}: <clinit>> (0x000000009334dac8) thrown at [./src/hotspot/share/prims/jni.cpp, line 1362]
Event: 6091.351 Thread 0x000001d85a56e000 Exception <a 'java/lang/NoSuchMethodError'{0x00000000933591e8}: <clinit>> (0x00000000933591e8) thrown at [./src/hotspot/share/prims/jni.cpp, line 1362]
Event: 6091.636 Thread 0x000001d85a56e000 Exception <a 'java/lang/NoSuchMethodError'{0x00000000933b0690}: <clinit>> (0x00000000933b0690) thrown at [./src/hotspot/share/prims/jni.cpp, line 1362]
Event: 6091.679 Thread 0x000001d85a56e000 Exception <a 'java/lang/NoSuchMethodError'{0x00000000933e2280}: <clinit>> (0x00000000933e2280) thrown at [./src/hotspot/share/prims/jni.cpp, line 1362]
Event: 6091.680 Thread 0x000001d85a56e000 Exception <a 'java/lang/NoSuchMethodError'{0x00000000933e56e8}: <clinit>> (0x00000000933e56e8) thrown at [./src/hotspot/share/prims/jni.cpp, line 1362]
Event: 6091.704 Thread 0x000001d85a56e000 Exception <a 'java/lang/NoSuchMethodError'{0x00000000933e8358}: <clinit>> (0x00000000933e8358) thrown at [./src/hotspot/share/prims/jni.cpp, line 1362]
Event: 6091.711 Thread 0x000001d85a56e000 Exception <a 'java/lang/NoSuchMethodError'{0x0000000093201ad0}: <clinit>> (0x0000000093201ad0) thrown at [./src/hotspot/share/prims/jni.cpp, line 1362]
Event: 6091.734 Thread 0x000001d85a56e000 Exception <a 'java/lang/NoSuchMethodError'{0x0000000093218de0}: <clinit>> (0x0000000093218de0) thrown at [./src/hotspot/share/prims/jni.cpp, line 1362]
Event: 6091.738 Thread 0x000001d85a56e000 Exception <a 'java/lang/NoSuchMethodError'{0x000000009322d820}: <clinit>> (0x000000009322d820) thrown at [./src/hotspot/share/prims/jni.cpp, line 1362]
Event: 6091.758 Thread 0x000001d85a56e000 Exception <a 'java/lang/NoSuchMethodError'{0x000000009324b1e8}: <clinit>> (0x000000009324b1e8) thrown at [./src/hotspot/share/prims/jni.cpp, line 1362]
Event: 6091.764 Thread 0x000001d85a56e000 Exception <a 'java/lang/NoSuchMethodError'{0x0000000093270480}: <clinit>> (0x0000000093270480) thrown at [./src/hotspot/share/prims/jni.cpp, line 1362]
Event: 6091.768 Thread 0x000001d85a56e000 Exception <a 'java/lang/NoSuchMethodError'{0x0000000093284c78}: <clinit>> (0x0000000093284c78) thrown at [./src/hotspot/share/prims/jni.cpp, line 1362]
Event: 6102.402 Thread 0x000001d85a56e000 Exception <a 'java/lang/NoSuchMethodError'{0x0000000090721ea0}: 'java.lang.Object java.lang.invoke.DelegatingMethodHandle$Holder.reinvoke_L(java.lang.Object, int, int, java.lang.Object, java.lang.Object, java.lang.Object)'> (0x0000000090721ea0) thrown at [./src/hotspot/share/interpreter/linkResolver.cpp, line 773]

Events (20 events):
Event: 6103.092 loading class org/antlr/v4/runtime/atn/BasicState
Event: 6103.092 loading class org/antlr/v4/runtime/atn/BasicState done
Event: 6103.093 loading class org/antlr/v4/runtime/atn/AtomTransition
Event: 6103.093 loading class org/antlr/v4/runtime/atn/AtomTransition done
Event: 6103.095 loading class org/antlr/v4/runtime/atn/RangeTransition
Event: 6103.095 loading class org/antlr/v4/runtime/atn/RangeTransition done
Event: 6103.096 loading class org/antlr/v4/runtime/atn/RuleTransition
Event: 6103.096 loading class org/antlr/v4/runtime/atn/RuleTransition done
Event: 6103.119 loading class org/antlr/v4/runtime/atn/PredicateTransition
Event: 6103.119 loading class org/antlr/v4/runtime/atn/PredicateTransition done
Event: 6103.122 loading class org/antlr/v4/runtime/atn/AbstractPredicateTransition
Event: 6103.122 loading class org/antlr/v4/runtime/atn/AbstractPredicateTransition done
Event: 6103.126 loading class org/antlr/v4/runtime/atn/PrecedencePredicateTransition
Event: 6103.126 loading class org/antlr/v4/runtime/atn/PrecedencePredicateTransition done
Event: 6103.135 loading class org/antlr/v4/runtime/atn/SetTransition
Event: 6103.135 loading class org/antlr/v4/runtime/atn/SetTransition done
Event: 6103.137 loading class org/antlr/v4/runtime/atn/NotSetTransition
Event: 6103.137 loading class org/antlr/v4/runtime/atn/NotSetTransition done
Event: 6103.139 loading class org/antlr/v4/runtime/atn/WildcardTransition
Event: 6103.139 loading class org/antlr/v4/runtime/atn/WildcardTransition done


Dynamic libraries:
0x00007ff66d320000 - 0x00007ff66d32a000 	C:\Program Files\Android\Android Studio\jre\bin\java.exe
0x00007ff915330000 - 0x00007ff915525000 	C:\WINDOWS\SYSTEM32\ntdll.dll
0x00007ff913600000 - 0x00007ff9136be000 	C:\WINDOWS\System32\KERNEL32.DLL
0x00007ff912a10000 - 0x00007ff912cd8000 	C:\WINDOWS\System32\KERNELBASE.dll
0x00007ff912f00000 - 0x00007ff913000000 	C:\WINDOWS\System32\ucrtbase.dll
0x00007ff8e7850000 - 0x00007ff8e7869000 	C:\Program Files\Android\Android Studio\jre\bin\jli.dll
0x00007ff9146c0000 - 0x00007ff914861000 	C:\WINDOWS\System32\USER32.dll
0x00007ff912df0000 - 0x00007ff912e12000 	C:\WINDOWS\System32\win32u.dll
0x00007ff914910000 - 0x00007ff91493b000 	C:\WINDOWS\System32\GDI32.dll
0x00007ff912ce0000 - 0x00007ff912ded000 	C:\WINDOWS\System32\gdi32full.dll
0x00007ff913140000 - 0x00007ff9131dd000 	C:\WINDOWS\System32\msvcp_win.dll
0x00007ff8deaa0000 - 0x00007ff8deab7000 	C:\Program Files\Android\Android Studio\jre\bin\VCRUNTIME140.dll
0x00007ff9056f0000 - 0x00007ff90598a000 	C:\WINDOWS\WinSxS\amd64_microsoft.windows.common-controls_6595b64144ccf1df_6.0.19041.1110_none_60b5254171f9507e\COMCTL32.dll
0x00007ff914870000 - 0x00007ff91490e000 	C:\WINDOWS\System32\msvcrt.dll
0x00007ff913be0000 - 0x00007ff913c10000 	C:\WINDOWS\System32\IMM32.DLL
0x00007ff8d97e0000 - 0x00007ff8d987d000 	C:\Program Files\Android\Android Studio\jre\bin\msvcp140.dll
0x00007ff8df790000 - 0x00007ff8e025f000 	C:\Program Files\Android\Android Studio\jre\bin\server\jvm.dll
0x00007ff913470000 - 0x00007ff91351c000 	C:\WINDOWS\System32\ADVAPI32.dll
0x00007ff913a80000 - 0x00007ff913b1b000 	C:\WINDOWS\System32\sechost.dll
0x00007ff913340000 - 0x00007ff91346a000 	C:\WINDOWS\System32\RPCRT4.dll
0x00007ff9135f0000 - 0x00007ff9135f8000 	C:\WINDOWS\System32\PSAPI.DLL
0x00007ff8ff810000 - 0x00007ff8ff819000 	C:\WINDOWS\SYSTEM32\WSOCK32.dll
0x00007ff914630000 - 0x00007ff91469b000 	C:\WINDOWS\System32\WS2_32.dll
0x00007ff901180000 - 0x00007ff9011a7000 	C:\WINDOWS\SYSTEM32\WINMM.dll
0x00007ff9049a0000 - 0x00007ff9049aa000 	C:\WINDOWS\SYSTEM32\VERSION.dll
0x00007ff9112e0000 - 0x00007ff9112f2000 	C:\WINDOWS\SYSTEM32\kernel.appcore.dll
0x00007ff8ff660000 - 0x00007ff8ff671000 	C:\Program Files\Android\Android Studio\jre\bin\verify.dll
0x00007ff910f60000 - 0x00007ff911144000 	C:\WINDOWS\SYSTEM32\DBGHELP.DLL
0x00007ff8fd1f0000 - 0x00007ff8fd21c000 	C:\WINDOWS\SYSTEM32\dbgcore.DLL
0x00007ff913000000 - 0x00007ff913082000 	C:\WINDOWS\System32\bcryptPrimitives.dll
0x00007ff8fe670000 - 0x00007ff8fe699000 	C:\Program Files\Android\Android Studio\jre\bin\java.dll
0x00007ff903290000 - 0x00007ff90329b000 	C:\Program Files\Android\Android Studio\jre\bin\jimage.dll
0x00007ff8fe450000 - 0x00007ff8fe468000 	C:\Program Files\Android\Android Studio\jre\bin\zip.dll
0x00007ff914940000 - 0x00007ff915084000 	C:\WINDOWS\System32\SHELL32.dll
0x00007ff9106f0000 - 0x00007ff910e84000 	C:\WINDOWS\SYSTEM32\windows.storage.dll
0x00007ff9136c0000 - 0x00007ff913a15000 	C:\WINDOWS\System32\combase.dll
0x00007ff912390000 - 0x00007ff9123be000 	C:\WINDOWS\SYSTEM32\Wldp.dll
0x00007ff914450000 - 0x00007ff9144fd000 	C:\WINDOWS\System32\SHCORE.dll
0x00007ff913b80000 - 0x00007ff913bd5000 	C:\WINDOWS\System32\shlwapi.dll
0x00007ff912950000 - 0x00007ff91296f000 	C:\WINDOWS\SYSTEM32\profapi.dll
0x00007ff8fde50000 - 0x00007ff8fde6a000 	C:\Program Files\Android\Android Studio\jre\bin\net.dll
0x00007ff9060d0000 - 0x00007ff9061dc000 	C:\WINDOWS\SYSTEM32\WINHTTP.dll
0x00007ff9120f0000 - 0x00007ff91215a000 	C:\WINDOWS\system32\mswsock.dll
0x00007ff8fdb80000 - 0x00007ff8fdb94000 	C:\Program Files\Android\Android Studio\jre\bin\nio.dll
0x00007ff8ce150000 - 0x00007ff8ce177000 	C:\Users\Mathilde MOTTAY\.gradle\native\8bec1ad78214c89d9ad589b4d07fe93259594b29d510b10fafb7a158f7737e5d\windows-amd64\native-platform.dll
0x00007ff8ce010000 - 0x00007ff8ce14d000 	C:\Users\Mathilde MOTTAY\.gradle\native\53dbd7edfb1c66fb8903c78663c9afc45aea4f116125fa6feffd364cf09443e8\windows-amd64\native-platform-file-events.dll
0x00007ff8fde40000 - 0x00007ff8fde4a000 	C:\Program Files\Android\Android Studio\jre\bin\management.dll
0x00007ff8fdbc0000 - 0x00007ff8fdbcc000 	C:\Program Files\Android\Android Studio\jre\bin\management_ext.dll
0x00007ff9122e0000 - 0x00007ff9122f8000 	C:\WINDOWS\SYSTEM32\CRYPTSP.dll
0x00007ff911a70000 - 0x00007ff911aa4000 	C:\WINDOWS\system32\rsaenh.dll
0x00007ff912e20000 - 0x00007ff912e47000 	C:\WINDOWS\System32\bcrypt.dll
0x00007ff912910000 - 0x00007ff91293e000 	C:\WINDOWS\SYSTEM32\USERENV.dll
0x00007ff912300000 - 0x00007ff91230c000 	C:\WINDOWS\SYSTEM32\CRYPTBASE.dll
0x00007ff911de0000 - 0x00007ff911e1b000 	C:\WINDOWS\SYSTEM32\IPHLPAPI.DLL
0x00007ff9146a0000 - 0x00007ff9146a8000 	C:\WINDOWS\System32\NSI.dll
0x00007ff906540000 - 0x00007ff906557000 	C:\WINDOWS\SYSTEM32\dhcpcsvc6.DLL
0x00007ff909520000 - 0x00007ff90953d000 	C:\WINDOWS\SYSTEM32\dhcpcsvc.DLL
0x00007ff911e20000 - 0x00007ff911eeb000 	C:\WINDOWS\SYSTEM32\DNSAPI.dll
0x00007ff8e15f0000 - 0x00007ff8e1617000 	C:\Program Files\Android\Android Studio\jre\bin\sunec.dll
0x00007ff909eb0000 - 0x00007ff909eba000 	C:\Windows\System32\rasadhlp.dll
0x00007ff905f70000 - 0x00007ff905fef000 	C:\WINDOWS\System32\fwpuclnt.dll
0x00007ff911700000 - 0x00007ff911733000 	C:\WINDOWS\SYSTEM32\ntmarta.dll

dbghelp: loaded successfully - version: 4.0.5 - missing functions: none
symbol engine: initialized successfully - sym options: 0x614 - pdb path: .;C:\Program Files\Android\Android Studio\jre\bin;C:\WINDOWS\SYSTEM32;C:\WINDOWS\WinSxS\amd64_microsoft.windows.common-controls_6595b64144ccf1df_6.0.19041.1110_none_60b5254171f9507e;C:\Program Files\Android\Android Studio\jre\bin\server;C:\Users\Mathilde MOTTAY\.gradle\native\8bec1ad78214c89d9ad589b4d07fe93259594b29d510b10fafb7a158f7737e5d\windows-amd64;C:\Users\Mathilde MOTTAY\.gradle\native\53dbd7edfb1c66fb8903c78663c9afc45aea4f116125fa6feffd364cf09443e8\windows-amd64

VM Arguments:
jvm_args: --add-opens=java.base/java.util=ALL-UNNAMED --add-opens=java.base/java.lang=ALL-UNNAMED --add-opens=java.base/java.lang.invoke=ALL-UNNAMED --add-opens=java.base/java.util=ALL-UNNAMED --add-opens=java.prefs/java.util.prefs=ALL-UNNAMED --add-opens=java.prefs/java.util.prefs=ALL-UNNAMED --add-opens=java.base/java.nio.charset=ALL-UNNAMED --add-opens=java.base/java.net=ALL-UNNAMED --add-opens=java.base/java.util.concurrent.atomic=ALL-UNNAMED -Xmx2048m -Dfile.encoding=UTF-8 -Duser.country=FR -Duser.language=fr -Duser.variant 
java_command: org.gradle.launcher.daemon.bootstrap.GradleDaemon 7.0.2
java_class_path (initial): C:\Users\Mathilde MOTTAY\.gradle\wrapper\dists\gradle-7.0.2-bin\857tjihv64xamwrf0h14cai3r\gradle-7.0.2\lib\gradle-launcher-7.0.2.jar
Launcher Type: SUN_STANDARD

[Global flags]
     intx CICompilerCount                          = 3                                         {product} {ergonomic}
     uint ConcGCThreads                            = 1                                         {product} {ergonomic}
     uint G1ConcRefinementThreads                  = 4                                         {product} {ergonomic}
   size_t G1HeapRegionSize                         = 1048576                                   {product} {ergonomic}
    uintx GCDrainStackTargetSize                   = 64                                        {product} {ergonomic}
   size_t InitialHeapSize                          = 134217728                                 {product} {ergonomic}
   size_t MarkStackSize                            = 4194304                                   {product} {ergonomic}
   size_t MaxHeapSize                              = 2147483648                                {product} {command line}
   size_t MaxNewSize                               = 1287651328                                {product} {ergonomic}
   size_t MinHeapDeltaBytes                        = 1048576                                   {product} {ergonomic}
    uintx NonNMethodCodeHeapSize                   = 5830732                                {pd product} {ergonomic}
    uintx NonProfiledCodeHeapSize                  = 122913754                              {pd product} {ergonomic}
    uintx ProfiledCodeHeapSize                     = 122913754                              {pd product} {ergonomic}
    uintx ReservedCodeCacheSize                    = 251658240                              {pd product} {ergonomic}
     bool SegmentedCodeCache                       = true                                      {product} {ergonomic}
     bool UseCompressedClassPointers               = true                                 {lp64_product} {ergonomic}
     bool UseCompressedOops                        = true                                 {lp64_product} {ergonomic}
     bool UseG1GC                                  = true                                      {product} {ergonomic}
     bool UseLargePagesIndividualAllocation        = false                                  {pd product} {ergonomic}

Logging:
Log output configuration:
 #0: stdout all=warning uptime,level,tags
 #1: stderr all=off uptime,level,tags

Environment Variables:
PATH=C:\Program Files (x86)\Common Files\Oracle\Java\javapath;C:\Program Files\Broadcom\Broadcom 802.11 Network Adapter;C:\Program Files (x86)\Intel\iCLS Client\;C:\Program Files\Intel\iCLS Client\;C:\WINDOWS\system32;C:\WINDOWS;C:\WINDOWS\System32\Wbem;C:\WINDOWS\System32\WindowsPowerShell\v1.0\;C:\Program Files\Intel\IntelSGXPSW\bin\x64\Release\;C:\Program Files\Intel\IntelSGXPSW\bin\win32\Release\;c:\Program Files\Intel\WiFi\bin\;c:\Program Files\Common Files\Intel\WirelessCommon\;C:\Program Files (x86)\Windows Live\Shared;C:\Program Files (x86)\Intel\Intel(R) Management Engine Components\DAL;C:\Program Files\Intel\Intel(R) Management Engine Components\DAL;C:\Program Files (x86)\Intel\Intel(R) Management Engine Components\IPT;C:\Program Files\Intel\Intel(R) Management Engine Components\IPT;C:\Program Files (x86)\Skype\Phone\;C:\WINDOWS\System32\OpenSSH\;C:\TDM-GCC-64\bin;C:\Program Files\doxygen\bin;C:\Program Files\Git\cmd;C:\Program Files\MySQL\MySQL Shell 8.0\bin\;C:\Ruby27-x64\bin;C:\Users\Mathilde MOTTAY\AppData\Local\Microsoft\WindowsApps;c:\Program Files\Intel\WiFi\bin\;c:\Program Files\Common Files\Intel\WirelessCommon\;C:\Users\Mathilde MOTTAY\AppData\Local\atom\bin;C:\Users\Mathilde MOTTAY\AppData\Local\Programs\MiKTeX 2.9\miktex\bin\x64\;C:\Users\Mathilde MOTTAY\AppData\Local\Microsoft\WindowsApps;C:\Users\Mathilde MOTTAY\AppData\Local\Programs\Microsoft VS Code\bin;c:\Ruby27-x64\msys64\mingw64\bin;C:\Users\Mathilde MOTTAY\AppData\Local\gitkraken\bin
USERNAME=Mathilde MOTTAY
OS=Windows_NT
PROCESSOR_IDENTIFIER=Intel64 Family 6 Model 78 Stepping 3, GenuineIntel



---------------  S Y S T E M  ---------------

OS: Windows 10 , 64 bit Build 19041 (10.0.19041.1348)
OS uptime: 0 days 1:54 hours

CPU:total 4 (initial active 4) (2 cores per cpu, 2 threads per core) family 6 model 78 stepping 3 microcode 0xcc, cmov, cx8, fxsr, mmx, sse, sse2, sse3, ssse3, sse4.1, sse4.2, popcnt, avx, avx2, aes, clmul, erms, 3dnowpref, lzcnt, ht, tsc, tscinvbit, bmi1, bmi2, adx, fma

Memory: 4k page, system-wide physical 8074M (333M free)
TotalPageFile size 16266M (AvailPageFile size 3M)
current process WorkingSet (physical memory assigned to process): 402M, peak: 695M
current process commit charge ("private bytes"): 805M, peak: 830M

vm_info: OpenJDK 64-Bit Server VM (11.0.10+0-b96-7249189) for windows-amd64 JRE (11.0.10+0-b96-7249189), built on Mar 31 2021 21:44:00 by "builder" with MS VC++ 14.0 (VS2015)

END.
